{"/home/travis/build/npmtest/node-npmtest-nock/test.js":{"path":"/home/travis/build/npmtest/node-npmtest-nock/test.js","s":{"1":2,"2":2,"3":2,"4":2,"5":2,"6":2,"7":2,"8":1,"9":2,"10":2,"11":1,"12":1,"13":1,"14":1,"15":2,"16":2,"17":2,"18":2,"19":1,"20":1,"21":2,"22":2,"23":2,"24":1,"25":1,"26":1,"27":1,"28":1,"29":1,"30":1,"31":1,"32":1,"33":1,"34":1,"35":1,"36":2,"37":2,"38":1,"39":2,"40":2,"41":1,"42":2,"43":2,"44":1,"45":1,"46":1,"47":1,"48":1},"b":{"1":[2,1,1,1],"2":[1,1,1,1],"3":[1,1],"4":[1,1],"5":[1,1],"6":[1,1],"7":[1,1],"8":[1,1],"9":[1,1,1],"10":[1,1],"11":[1,1],"12":[1,1],"13":[1,1],"14":[1,1],"15":[1,1]},"f":{"1":2,"2":2,"3":2,"4":2,"5":2,"6":1,"7":1,"8":2,"9":2,"10":2,"11":1},"fnMap":{"1":{"name":"(anonymous_1)","line":12,"loc":{"start":{"line":12,"column":1},"end":{"line":12,"column":13}}},"2":{"name":"(anonymous_2)","line":19,"loc":{"start":{"line":19,"column":5},"end":{"line":19,"column":17}}},"3":{"name":"(anonymous_3)","line":23,"loc":{"start":{"line":23,"column":24},"end":{"line":23,"column":36}}},"4":{"name":"(anonymous_4)","line":61,"loc":{"start":{"line":61,"column":5},"end":{"line":61,"column":17}}},"5":{"name":"(anonymous_5)","line":82,"loc":{"start":{"line":82,"column":5},"end":{"line":82,"column":17}}},"6":{"name":"(anonymous_6)","line":102,"loc":{"start":{"line":102,"column":83},"end":{"line":105,"column":10}},"skip":true},"7":{"name":"(anonymous_7)","line":113,"loc":{"start":{"line":113,"column":77},"end":{"line":116,"column":10}},"skip":true},"8":{"name":"(anonymous_8)","line":127,"loc":{"start":{"line":127,"column":77},"end":{"line":130,"column":10}},"skip":true},"9":{"name":"(anonymous_9)","line":138,"loc":{"start":{"line":138,"column":83},"end":{"line":141,"column":10}},"skip":true},"10":{"name":"(anonymous_10)","line":149,"loc":{"start":{"line":149,"column":79},"end":{"line":152,"column":10}},"skip":true},"11":{"name":"(anonymous_11)","line":160,"loc":{"start":{"line":160,"column":75},"end":{"line":163,"column":10}},"skip":true}},"statementMap":{"1":{"start":{"line":12,"column":0},"end":{"line":175,"column":5}},"2":{"start":{"line":14,"column":4},"end":{"line":14,"column":14}},"3":{"start":{"line":19,"column":4},"end":{"line":56,"column":9}},"4":{"start":{"line":21,"column":8},"end":{"line":21,"column":19}},"5":{"start":{"line":23,"column":8},"end":{"line":35,"column":13}},"6":{"start":{"line":24,"column":12},"end":{"line":34,"column":13}},"7":{"start":{"line":25,"column":16},"end":{"line":28,"column":30}},"8":{"start":{"line":30,"column":16},"end":{"line":33,"column":27}},"9":{"start":{"line":37,"column":8},"end":{"line":39,"column":21}},"10":{"start":{"line":40,"column":8},"end":{"line":53,"column":9}},"11":{"start":{"line":43,"column":12},"end":{"line":46,"column":14}},"12":{"start":{"line":47,"column":12},"end":{"line":47,"column":18}},"13":{"start":{"line":50,"column":12},"end":{"line":51,"column":46}},"14":{"start":{"line":52,"column":12},"end":{"line":52,"column":18}},"15":{"start":{"line":55,"column":8},"end":{"line":55,"column":35}},"16":{"start":{"line":61,"column":4},"end":{"line":63,"column":9}},"17":{"start":{"line":62,"column":8},"end":{"line":62,"column":15}},"18":{"start":{"line":64,"column":4},"end":{"line":77,"column":5}},"19":{"start":{"line":70,"column":8},"end":{"line":70,"column":14}},"20":{"start":{"line":76,"column":8},"end":{"line":76,"column":14}},"21":{"start":{"line":82,"column":4},"end":{"line":84,"column":9}},"22":{"start":{"line":83,"column":8},"end":{"line":83,"column":15}},"23":{"start":{"line":85,"column":4},"end":{"line":174,"column":5}},"24":{"start":{"line":92,"column":8},"end":{"line":94,"column":63}},"25":{"start":{"line":95,"column":8},"end":{"line":95,"column":14}},"26":{"start":{"line":102,"column":8},"end":{"line":111,"column":10},"skip":true},"27":{"start":{"line":109,"column":12},"end":{"line":109,"column":55},"skip":true},"28":{"start":{"line":110,"column":12},"end":{"line":110,"column":48},"skip":true},"29":{"start":{"line":113,"column":8},"end":{"line":125,"column":10},"skip":true},"30":{"start":{"line":120,"column":12},"end":{"line":120,"column":76},"skip":true},"31":{"start":{"line":121,"column":12},"end":{"line":121,"column":73},"skip":true},"32":{"start":{"line":122,"column":12},"end":{"line":122,"column":74},"skip":true},"33":{"start":{"line":123,"column":12},"end":{"line":123,"column":25},"skip":true},"34":{"start":{"line":124,"column":12},"end":{"line":124,"column":45},"skip":true},"35":{"start":{"line":127,"column":8},"end":{"line":136,"column":10},"skip":true},"36":{"start":{"line":134,"column":12},"end":{"line":134,"column":25},"skip":true},"37":{"start":{"line":135,"column":12},"end":{"line":135,"column":45},"skip":true},"38":{"start":{"line":138,"column":8},"end":{"line":147,"column":10},"skip":true},"39":{"start":{"line":145,"column":12},"end":{"line":145,"column":25},"skip":true},"40":{"start":{"line":146,"column":12},"end":{"line":146,"column":48},"skip":true},"41":{"start":{"line":149,"column":8},"end":{"line":158,"column":10},"skip":true},"42":{"start":{"line":156,"column":12},"end":{"line":156,"column":25},"skip":true},"43":{"start":{"line":157,"column":12},"end":{"line":157,"column":46},"skip":true},"44":{"start":{"line":160,"column":8},"end":{"line":169,"column":10},"skip":true},"45":{"start":{"line":167,"column":12},"end":{"line":167,"column":94},"skip":true},"46":{"start":{"line":168,"column":12},"end":{"line":168,"column":48},"skip":true},"47":{"start":{"line":172,"column":8},"end":{"line":172,"column":35},"skip":true},"48":{"start":{"line":173,"column":8},"end":{"line":173,"column":14},"skip":true}},"branchMap":{"1":{"line":25,"type":"binary-expr","locations":[{"start":{"line":25,"column":23},"end":{"line":25,"column":62}},{"start":{"line":26,"column":20},"end":{"line":26,"column":70}},{"start":{"line":27,"column":20},"end":{"line":27,"column":71}},{"start":{"line":28,"column":20},"end":{"line":28,"column":29}}]},"2":{"line":30,"type":"binary-expr","locations":[{"start":{"line":30,"column":23},"end":{"line":30,"column":37}},{"start":{"line":31,"column":20},"end":{"line":31,"column":61}},{"start":{"line":32,"column":20},"end":{"line":32,"column":70}},{"start":{"line":33,"column":20},"end":{"line":33,"column":26}}]},"3":{"line":37,"type":"cond-expr","locations":[{"start":{"line":38,"column":14},"end":{"line":38,"column":20}},{"start":{"line":39,"column":14},"end":{"line":39,"column":20}}]},"4":{"line":40,"type":"switch","locations":[{"start":{"line":42,"column":8},"end":{"line":47,"column":18}},{"start":{"line":49,"column":8},"end":{"line":52,"column":18}}]},"5":{"line":44,"type":"binary-expr","locations":[{"start":{"line":44,"column":16},"end":{"line":44,"column":44}},{"start":{"line":44,"column":48},"end":{"line":44,"column":66}}]},"6":{"line":50,"type":"binary-expr","locations":[{"start":{"line":50,"column":21},"end":{"line":50,"column":49}},{"start":{"line":50,"column":53},"end":{"line":50,"column":72}}]},"7":{"line":64,"type":"switch","locations":[{"start":{"line":69,"column":4},"end":{"line":70,"column":14}},{"start":{"line":75,"column":4},"end":{"line":76,"column":14}}]},"8":{"line":85,"type":"switch","locations":[{"start":{"line":90,"column":4},"end":{"line":95,"column":14}},{"start":{"line":101,"column":4},"end":{"line":173,"column":14},"skip":true}]},"9":{"line":92,"type":"binary-expr","locations":[{"start":{"line":92,"column":18},"end":{"line":92,"column":32}},{"start":{"line":93,"column":12},"end":{"line":93,"column":53}},{"start":{"line":94,"column":12},"end":{"line":94,"column":61}}]},"10":{"line":102,"type":"binary-expr","locations":[{"start":{"line":102,"column":45},"end":{"line":102,"column":79},"skip":true},{"start":{"line":102,"column":83},"end":{"line":111,"column":9},"skip":true}]},"11":{"line":113,"type":"binary-expr","locations":[{"start":{"line":113,"column":42},"end":{"line":113,"column":73},"skip":true},{"start":{"line":113,"column":77},"end":{"line":125,"column":9},"skip":true}]},"12":{"line":127,"type":"binary-expr","locations":[{"start":{"line":127,"column":42},"end":{"line":127,"column":73},"skip":true},{"start":{"line":127,"column":77},"end":{"line":136,"column":9},"skip":true}]},"13":{"line":138,"type":"binary-expr","locations":[{"start":{"line":138,"column":45},"end":{"line":138,"column":79},"skip":true},{"start":{"line":138,"column":83},"end":{"line":147,"column":9},"skip":true}]},"14":{"line":149,"type":"binary-expr","locations":[{"start":{"line":149,"column":43},"end":{"line":149,"column":75},"skip":true},{"start":{"line":149,"column":79},"end":{"line":158,"column":9},"skip":true}]},"15":{"line":160,"type":"binary-expr","locations":[{"start":{"line":160,"column":41},"end":{"line":160,"column":71},"skip":true},{"start":{"line":160,"column":75},"end":{"line":169,"column":9},"skip":true}]}},"code":["/* istanbul instrument in package npmtest_nock */","/*jslint","    bitwise: true,","    browser: true,","    maxerr: 8,","    maxlen: 96,","    node: true,","    nomen: true,","    regexp: true,","    stupid: true","*/","(function () {","    'use strict';","    var local;","","","","    // run shared js-env code - pre-init","    (function () {","        // init local","        local = {};","        // init modeJs","        local.modeJs = (function () {","            try {","                return typeof navigator.userAgent === 'string' &&","                    typeof document.querySelector('body') === 'object' &&","                    typeof XMLHttpRequest.prototype.open === 'function' &&","                    'browser';","            } catch (errorCaughtBrowser) {","                return module.exports &&","                    typeof process.versions.node === 'string' &&","                    typeof require('http').createServer === 'function' &&","                    'node';","            }","        }());","        // init global","        local.global = local.modeJs === 'browser'","            ? window","            : global;","        switch (local.modeJs) {","        // re-init local from window.local","        case 'browser':","            local = local.global.utility2.objectSetDefault(","                local.global.utility2_rollup || local.global.local,","                local.global.utility2","            );","            break;","        // re-init local from example.js","        case 'node':","            local = (local.global.utility2_rollup || require('utility2'))","                .requireExampleJsFromReadme();","            break;","        }","        // export local","        local.global.local = local;","    }());","","","","    // run shared js-env code - function","    (function () {","        return;","    }());","    switch (local.modeJs) {","","","","    // run browser js-env code - function","    case 'browser':","        break;","","","","    // run node js-env code - function","    case 'node':","        break;","    }","","","","    // run shared js-env code - post-init","    (function () {","        return;","    }());","    switch (local.modeJs) {","","","","    // run browser js-env code - post-init","    case 'browser':","        // run tests","        local.nop(local.modeTest &&","            document.querySelector('#testRunButton1') &&","            document.querySelector('#testRunButton1').click());","        break;","","","","    // run node js-env code - post-init","    /* istanbul ignore next */","    case 'node':","        local.testCase_buildApidoc_default = local.testCase_buildApidoc_default || function (","            options,","            onError","        ) {","        /*","         * this function will test buildApidoc's default handling-behavior-behavior","         */","            options = { modulePathList: module.paths };","            local.buildApidoc(options, onError);","        };","","        local.testCase_buildApp_default = local.testCase_buildApp_default || function (","            options,","            onError","        ) {","        /*","         * this function will test buildApp's default handling-behavior-behavior","         */","            local.testCase_buildReadme_default(options, local.onErrorThrow);","            local.testCase_buildLib_default(options, local.onErrorThrow);","            local.testCase_buildTest_default(options, local.onErrorThrow);","            options = [];","            local.buildApp(options, onError);","        };","","        local.testCase_buildLib_default = local.testCase_buildLib_default || function (","            options,","            onError","        ) {","        /*","         * this function will test buildLib's default handling-behavior","         */","            options = {};","            local.buildLib(options, onError);","        };","","        local.testCase_buildReadme_default = local.testCase_buildReadme_default || function (","            options,","            onError","        ) {","        /*","         * this function will test buildReadme's default handling-behavior-behavior","         */","            options = {};","            local.buildReadme(options, onError);","        };","","        local.testCase_buildTest_default = local.testCase_buildTest_default || function (","            options,","            onError","        ) {","        /*","         * this function will test buildTest's default handling-behavior","         */","            options = {};","            local.buildTest(options, onError);","        };","","        local.testCase_webpage_default = local.testCase_webpage_default || function (","            options,","            onError","        ) {","        /*","         * this function will test webpage's default handling-behavior","         */","            options = { modeCoverageMerge: true, url: local.serverLocalHost + '?modeTest=1' };","            local.browserTest(options, onError);","        };","","        // run test-server","        local.testRunServer(local);","        break;","    }","}());",""],"l":{"12":2,"14":2,"19":2,"21":2,"23":2,"24":2,"25":2,"30":1,"37":2,"40":2,"43":1,"47":1,"50":1,"52":1,"55":2,"61":2,"62":2,"64":2,"70":1,"76":1,"82":2,"83":2,"85":2,"92":1,"95":1,"102":1,"109":1,"110":1,"113":1,"120":1,"121":1,"122":1,"123":1,"124":1,"127":1,"134":2,"135":2,"138":1,"145":2,"146":2,"149":1,"156":2,"157":2,"160":1,"167":1,"168":1,"172":1,"173":1}},"/home/travis/build/npmtest/node-npmtest-nock/lib.npmtest_nock.js":{"path":"/home/travis/build/npmtest/node-npmtest-nock/lib.npmtest_nock.js","s":{"1":2,"2":2,"3":2,"4":2,"5":2,"6":2,"7":2,"8":1,"9":2,"10":2,"11":2,"12":2,"13":1,"14":1,"15":1,"16":1},"b":{"1":[2,1,1,1],"2":[1,1,1,1],"3":[1,1],"4":[2,2],"5":[1,1]},"f":{"1":2,"2":2,"3":2},"fnMap":{"1":{"name":"(anonymous_1)","line":12,"loc":{"start":{"line":12,"column":1},"end":{"line":12,"column":13}}},"2":{"name":"(anonymous_2)","line":19,"loc":{"start":{"line":19,"column":5},"end":{"line":19,"column":17}}},"3":{"name":"(anonymous_3)","line":23,"loc":{"start":{"line":23,"column":24},"end":{"line":23,"column":36}}}},"statementMap":{"1":{"start":{"line":12,"column":0},"end":{"line":53,"column":5}},"2":{"start":{"line":14,"column":4},"end":{"line":14,"column":14}},"3":{"start":{"line":19,"column":4},"end":{"line":52,"column":9}},"4":{"start":{"line":21,"column":8},"end":{"line":21,"column":19}},"5":{"start":{"line":23,"column":8},"end":{"line":35,"column":13}},"6":{"start":{"line":24,"column":12},"end":{"line":34,"column":13}},"7":{"start":{"line":25,"column":16},"end":{"line":28,"column":30}},"8":{"start":{"line":30,"column":16},"end":{"line":33,"column":27}},"9":{"start":{"line":37,"column":8},"end":{"line":39,"column":21}},"10":{"start":{"line":41,"column":8},"end":{"line":41,"column":54}},"11":{"start":{"line":43,"column":8},"end":{"line":43,"column":49}},"12":{"start":{"line":45,"column":8},"end":{"line":51,"column":9}},"13":{"start":{"line":46,"column":12},"end":{"line":46,"column":55}},"14":{"start":{"line":48,"column":12},"end":{"line":48,"column":35}},"15":{"start":{"line":49,"column":12},"end":{"line":49,"column":49}},"16":{"start":{"line":50,"column":12},"end":{"line":50,"column":43}}},"branchMap":{"1":{"line":25,"type":"binary-expr","locations":[{"start":{"line":25,"column":23},"end":{"line":25,"column":62}},{"start":{"line":26,"column":20},"end":{"line":26,"column":70}},{"start":{"line":27,"column":20},"end":{"line":27,"column":71}},{"start":{"line":28,"column":20},"end":{"line":28,"column":29}}]},"2":{"line":30,"type":"binary-expr","locations":[{"start":{"line":30,"column":23},"end":{"line":30,"column":37}},{"start":{"line":31,"column":20},"end":{"line":31,"column":61}},{"start":{"line":32,"column":20},"end":{"line":32,"column":70}},{"start":{"line":33,"column":20},"end":{"line":33,"column":26}}]},"3":{"line":37,"type":"cond-expr","locations":[{"start":{"line":38,"column":14},"end":{"line":38,"column":20}},{"start":{"line":39,"column":14},"end":{"line":39,"column":20}}]},"4":{"line":41,"type":"binary-expr","locations":[{"start":{"line":41,"column":16},"end":{"line":41,"column":44}},{"start":{"line":41,"column":48},"end":{"line":41,"column":53}}]},"5":{"line":45,"type":"if","locations":[{"start":{"line":45,"column":8},"end":{"line":45,"column":8}},{"start":{"line":45,"column":8},"end":{"line":45,"column":8}}]}},"code":["/* istanbul instrument in package npmtest_nock */","/*jslint","    bitwise: true,","    browser: true,","    maxerr: 8,","    maxlen: 96,","    node: true,","    nomen: true,","    regexp: true,","    stupid: true","*/","(function () {","    'use strict';","    var local;","","","","    // run shared js-env code - pre-init","    (function () {","        // init local","        local = {};","        // init modeJs","        local.modeJs = (function () {","            try {","                return typeof navigator.userAgent === 'string' &&","                    typeof document.querySelector('body') === 'object' &&","                    typeof XMLHttpRequest.prototype.open === 'function' &&","                    'browser';","            } catch (errorCaughtBrowser) {","                return module.exports &&","                    typeof process.versions.node === 'string' &&","                    typeof require('http').createServer === 'function' &&","                    'node';","            }","        }());","        // init global","        local.global = local.modeJs === 'browser'","            ? window","            : global;","        // init utility2_rollup","        local = local.global.utility2_rollup || local;","        // init lib","        local.local = local.npmtest_nock = local;","        // init exports","        if (local.modeJs === 'browser') {","            local.global.utility2_npmtest_nock = local;","        } else {","            module.exports = local;","            module.exports.__dirname = __dirname;","            module.exports.module = module;","        }","    }());","}());",""],"l":{"12":2,"14":2,"19":2,"21":2,"23":2,"24":2,"25":2,"30":1,"37":2,"41":2,"43":2,"45":2,"46":1,"48":1,"49":1,"50":1}},"/home/travis/build/npmtest/node-npmtest-nock/example.js":{"path":"/home/travis/build/npmtest/node-npmtest-nock/example.js","s":{"1":2,"2":2,"3":2,"4":2,"5":2,"6":2,"7":2,"8":1,"9":2,"10":2,"11":2,"12":2,"13":1,"14":2,"15":2,"16":2,"17":2,"18":2,"19":0,"20":2,"21":1,"22":1,"23":1,"24":1,"25":1,"26":0,"27":0,"28":1,"29":1,"30":2,"31":0,"32":0,"33":0,"34":1,"35":2,"36":2,"37":2,"38":2,"39":2,"40":2,"41":0,"42":2,"43":2,"44":2,"45":1,"46":3,"47":1,"48":1,"49":1,"50":1,"51":1,"52":1,"53":1,"54":1,"55":1,"56":1,"57":0,"58":1,"59":6,"60":6,"61":1,"62":2,"63":0,"64":2,"65":1,"66":1,"67":0,"68":0,"69":0,"70":0,"71":0,"72":0,"73":0,"74":0,"75":0,"76":0,"77":0,"78":0,"79":0,"80":0,"81":0,"82":0,"83":0},"b":{"1":[2,1,1,1],"2":[1,1,1,1],"3":[1,1],"4":[2,2],"5":[1,1],"6":[1,1],"7":[2,0],"8":[2,1,1,1,1,1],"9":[0,2,0],"10":[1,1],"11":[2,1,1],"12":[1,0],"13":[0,2],"14":[2,0,0,0,0,0,0],"15":[0,2],"16":[2,0],"17":[1,1],"18":[0,1],"19":[1,2,0,2],"20":[1,0],"21":[1,1],"22":[0,0],"23":[0,0],"24":[0,0],"25":[0,0],"26":[0,0],"27":[0,0],"28":[0,0]},"f":{"1":2,"2":2,"3":2,"4":2,"5":2,"6":2,"7":2,"8":2,"9":3,"10":1,"11":6,"12":0},"fnMap":{"1":{"name":"(anonymous_1)","line":26,"loc":{"start":{"line":26,"column":1},"end":{"line":26,"column":13}}},"2":{"name":"(anonymous_2)","line":33,"loc":{"start":{"line":33,"column":5},"end":{"line":33,"column":17}}},"3":{"name":"(anonymous_3)","line":37,"loc":{"start":{"line":37,"column":24},"end":{"line":37,"column":36}}},"4":{"name":"(anonymous_4)","line":69,"loc":{"start":{"line":69,"column":31},"end":{"line":69,"column":48}},"skip":true},"5":{"name":"(anonymous_5)","line":78,"loc":{"start":{"line":78,"column":26},"end":{"line":78,"column":45}},"skip":true},"6":{"name":"(anonymous_6)","line":123,"loc":{"start":{"line":123,"column":33},"end":{"line":123,"column":48}},"skip":true},"7":{"name":"(anonymous_7)","line":125,"loc":{"start":{"line":125,"column":27},"end":{"line":125,"column":39}},"skip":true},"8":{"name":"(anonymous_8)","line":133,"loc":{"start":{"line":133,"column":59},"end":{"line":133,"column":74}},"skip":true},"9":{"name":"(anonymous_9)","line":143,"loc":{"start":{"line":143,"column":45},"end":{"line":143,"column":62}},"skip":true},"10":{"name":"(anonymous_10)","line":144,"loc":{"start":{"line":144,"column":73},"end":{"line":144,"column":92}},"skip":true},"11":{"name":"(anonymous_11)","line":272,"loc":{"start":{"line":272,"column":51},"end":{"line":272,"column":77}},"skip":true},"12":{"name":"(anonymous_12)","line":314,"loc":{"start":{"line":314,"column":32},"end":{"line":314,"column":61}},"skip":true}},"statementMap":{"1":{"start":{"line":26,"column":0},"end":{"line":325,"column":5}},"2":{"start":{"line":28,"column":4},"end":{"line":28,"column":14}},"3":{"start":{"line":33,"column":4},"end":{"line":60,"column":9}},"4":{"start":{"line":35,"column":8},"end":{"line":35,"column":19}},"5":{"start":{"line":37,"column":8},"end":{"line":49,"column":13}},"6":{"start":{"line":38,"column":12},"end":{"line":48,"column":13}},"7":{"start":{"line":39,"column":16},"end":{"line":42,"column":30}},"8":{"start":{"line":44,"column":16},"end":{"line":47,"column":27}},"9":{"start":{"line":51,"column":8},"end":{"line":53,"column":21}},"10":{"start":{"line":55,"column":8},"end":{"line":57,"column":45}},"11":{"start":{"line":59,"column":8},"end":{"line":59,"column":35}},"12":{"start":{"line":61,"column":4},"end":{"line":324,"column":5}},"13":{"start":{"line":69,"column":8},"end":{"line":121,"column":10},"skip":true},"14":{"start":{"line":70,"column":12},"end":{"line":88,"column":13},"skip":true},"15":{"start":{"line":76,"column":16},"end":{"line":87,"column":19},"skip":true},"16":{"start":{"line":79,"column":20},"end":{"line":86,"column":21},"skip":true},"17":{"start":{"line":82,"column":24},"end":{"line":82,"column":43},"skip":true},"18":{"start":{"line":83,"column":24},"end":{"line":83,"column":30},"skip":true},"19":{"start":{"line":85,"column":24},"end":{"line":85,"column":49},"skip":true},"20":{"start":{"line":89,"column":12},"end":{"line":107,"column":13},"skip":true},"21":{"start":{"line":92,"column":16},"end":{"line":102,"column":17},"skip":true},"22":{"start":{"line":93,"column":20},"end":{"line":93,"column":86},"skip":true},"23":{"start":{"line":94,"column":20},"end":{"line":95,"column":45},"skip":true},"24":{"start":{"line":96,"column":20},"end":{"line":96,"column":42},"skip":true},"25":{"start":{"line":97,"column":20},"end":{"line":97,"column":48},"skip":true},"26":{"start":{"line":100,"column":20},"end":{"line":100,"column":85},"skip":true},"27":{"start":{"line":101,"column":20},"end":{"line":101,"column":96},"skip":true},"28":{"start":{"line":103,"column":16},"end":{"line":103,"column":22},"skip":true},"29":{"start":{"line":106,"column":16},"end":{"line":106,"column":22},"skip":true},"30":{"start":{"line":108,"column":12},"end":{"line":120,"column":13},"skip":true},"31":{"start":{"line":114,"column":16},"end":{"line":119,"column":17},"skip":true},"32":{"start":{"line":116,"column":20},"end":{"line":116,"column":78},"skip":true},"33":{"start":{"line":118,"column":20},"end":{"line":118,"column":53},"skip":true},"34":{"start":{"line":123,"column":8},"end":{"line":141,"column":11},"skip":true},"35":{"start":{"line":124,"column":12},"end":{"line":124,"column":54},"skip":true},"36":{"start":{"line":125,"column":12},"end":{"line":140,"column":14},"skip":true},"37":{"start":{"line":126,"column":16},"end":{"line":126,"column":28},"skip":true},"38":{"start":{"line":127,"column":16},"end":{"line":127,"column":69},"skip":true},"39":{"start":{"line":128,"column":16},"end":{"line":128,"column":75},"skip":true},"40":{"start":{"line":129,"column":16},"end":{"line":131,"column":17},"skip":true},"41":{"start":{"line":130,"column":20},"end":{"line":130,"column":27},"skip":true},"42":{"start":{"line":133,"column":16},"end":{"line":137,"column":36},"skip":true},"43":{"start":{"line":134,"column":20},"end":{"line":136,"column":55},"skip":true},"44":{"start":{"line":139,"column":16},"end":{"line":139,"column":57},"skip":true},"45":{"start":{"line":143,"column":8},"end":{"line":147,"column":11},"skip":true},"46":{"start":{"line":144,"column":12},"end":{"line":146,"column":15},"skip":true},"47":{"start":{"line":145,"column":16},"end":{"line":145,"column":70},"skip":true},"48":{"start":{"line":149,"column":8},"end":{"line":149,"column":31},"skip":true},"49":{"start":{"line":150,"column":8},"end":{"line":150,"column":14},"skip":true},"50":{"start":{"line":158,"column":8},"end":{"line":158,"column":31},"skip":true},"51":{"start":{"line":160,"column":8},"end":{"line":160,"column":33},"skip":true},"52":{"start":{"line":161,"column":8},"end":{"line":161,"column":37},"skip":true},"53":{"start":{"line":162,"column":8},"end":{"line":162,"column":35},"skip":true},"54":{"start":{"line":164,"column":8},"end":{"line":164,"column":50},"skip":true},"55":{"start":{"line":166,"column":8},"end":{"line":256,"column":2},"skip":true},"56":{"start":{"line":258,"column":8},"end":{"line":286,"column":9},"skip":true},"57":{"start":{"line":259,"column":12},"end":{"line":269,"column":14},"skip":true},"58":{"start":{"line":271,"column":12},"end":{"line":285,"column":19},"skip":true},"59":{"start":{"line":274,"column":20},"end":{"line":274,"column":35},"skip":true},"60":{"start":{"line":275,"column":20},"end":{"line":284,"column":21},"skip":true},"61":{"start":{"line":277,"column":24},"end":{"line":277,"column":64},"skip":true},"62":{"start":{"line":279,"column":24},"end":{"line":279,"column":40},"skip":true},"63":{"start":{"line":281,"column":24},"end":{"line":281,"column":40},"skip":true},"64":{"start":{"line":283,"column":24},"end":{"line":283,"column":39},"skip":true},"65":{"start":{"line":288,"column":8},"end":{"line":290,"column":9},"skip":true},"66":{"start":{"line":289,"column":12},"end":{"line":289,"column":18},"skip":true},"67":{"start":{"line":291,"column":8},"end":{"line":293,"column":54},"skip":true},"68":{"start":{"line":294,"column":8},"end":{"line":301,"column":37},"skip":true},"69":{"start":{"line":302,"column":8},"end":{"line":302,"column":82},"skip":true},"70":{"start":{"line":305,"column":8},"end":{"line":307,"column":9},"skip":true},"71":{"start":{"line":306,"column":12},"end":{"line":306,"column":82},"skip":true},"72":{"start":{"line":309,"column":8},"end":{"line":311,"column":9},"skip":true},"73":{"start":{"line":310,"column":12},"end":{"line":310,"column":18},"skip":true},"74":{"start":{"line":312,"column":8},"end":{"line":312,"column":54},"skip":true},"75":{"start":{"line":313,"column":8},"end":{"line":313,"column":69},"skip":true},"76":{"start":{"line":314,"column":8},"end":{"line":322,"column":36},"skip":true},"77":{"start":{"line":315,"column":12},"end":{"line":315,"column":61},"skip":true},"78":{"start":{"line":316,"column":12},"end":{"line":319,"column":13},"skip":true},"79":{"start":{"line":317,"column":16},"end":{"line":317,"column":75},"skip":true},"80":{"start":{"line":318,"column":16},"end":{"line":318,"column":23},"skip":true},"81":{"start":{"line":320,"column":12},"end":{"line":320,"column":38},"skip":true},"82":{"start":{"line":321,"column":12},"end":{"line":321,"column":27},"skip":true},"83":{"start":{"line":323,"column":8},"end":{"line":323,"column":14},"skip":true}},"branchMap":{"1":{"line":39,"type":"binary-expr","locations":[{"start":{"line":39,"column":23},"end":{"line":39,"column":62}},{"start":{"line":40,"column":20},"end":{"line":40,"column":70}},{"start":{"line":41,"column":20},"end":{"line":41,"column":71}},{"start":{"line":42,"column":20},"end":{"line":42,"column":29}}]},"2":{"line":44,"type":"binary-expr","locations":[{"start":{"line":44,"column":23},"end":{"line":44,"column":37}},{"start":{"line":45,"column":20},"end":{"line":45,"column":61}},{"start":{"line":46,"column":20},"end":{"line":46,"column":70}},{"start":{"line":47,"column":20},"end":{"line":47,"column":26}}]},"3":{"line":51,"type":"cond-expr","locations":[{"start":{"line":52,"column":14},"end":{"line":52,"column":20}},{"start":{"line":53,"column":14},"end":{"line":53,"column":20}}]},"4":{"line":55,"type":"binary-expr","locations":[{"start":{"line":55,"column":16},"end":{"line":55,"column":44}},{"start":{"line":55,"column":49},"end":{"line":57,"column":43}}]},"5":{"line":55,"type":"cond-expr","locations":[{"start":{"line":56,"column":14},"end":{"line":56,"column":48}},{"start":{"line":57,"column":14},"end":{"line":57,"column":43}}]},"6":{"line":61,"type":"switch","locations":[{"start":{"line":68,"column":4},"end":{"line":150,"column":14},"skip":true},{"start":{"line":156,"column":4},"end":{"line":323,"column":14},"skip":true}]},"7":{"line":70,"type":"if","locations":[{"start":{"line":70,"column":12},"end":{"line":70,"column":12},"skip":true},{"start":{"line":70,"column":12},"end":{"line":70,"column":12},"skip":true}]},"8":{"line":70,"type":"binary-expr","locations":[{"start":{"line":70,"column":16},"end":{"line":70,"column":22},"skip":true},{"start":{"line":70,"column":27},"end":{"line":70,"column":32},"skip":true},{"start":{"line":71,"column":20},"end":{"line":71,"column":39},"skip":true},{"start":{"line":72,"column":20},"end":{"line":72,"column":49},"skip":true},{"start":{"line":73,"column":20},"end":{"line":73,"column":58},"skip":true},{"start":{"line":74,"column":20},"end":{"line":74,"column":69},"skip":true}]},"9":{"line":79,"type":"switch","locations":[{"start":{"line":80,"column":20},"end":{"line":80,"column":33},"skip":true},{"start":{"line":81,"column":20},"end":{"line":83,"column":30},"skip":true},{"start":{"line":84,"column":20},"end":{"line":85,"column":49},"skip":true}]},"10":{"line":89,"type":"switch","locations":[{"start":{"line":90,"column":12},"end":{"line":103,"column":22},"skip":true},{"start":{"line":105,"column":12},"end":{"line":106,"column":22},"skip":true}]},"11":{"line":89,"type":"binary-expr","locations":[{"start":{"line":89,"column":20},"end":{"line":89,"column":25},"skip":true},{"start":{"line":89,"column":29},"end":{"line":89,"column":48},"skip":true},{"start":{"line":89,"column":52},"end":{"line":89,"column":74},"skip":true}]},"12":{"line":92,"type":"if","locations":[{"start":{"line":92,"column":16},"end":{"line":92,"column":16},"skip":true},{"start":{"line":92,"column":16},"end":{"line":92,"column":16},"skip":true}]},"13":{"line":108,"type":"if","locations":[{"start":{"line":108,"column":12},"end":{"line":108,"column":12},"skip":true},{"start":{"line":108,"column":12},"end":{"line":108,"column":12},"skip":true}]},"14":{"line":108,"type":"binary-expr","locations":[{"start":{"line":108,"column":16},"end":{"line":108,"column":61},"skip":true},{"start":{"line":108,"column":66},"end":{"line":108,"column":72},"skip":true},{"start":{"line":108,"column":77},"end":{"line":108,"column":82},"skip":true},{"start":{"line":109,"column":20},"end":{"line":109,"column":39},"skip":true},{"start":{"line":110,"column":20},"end":{"line":110,"column":49},"skip":true},{"start":{"line":111,"column":20},"end":{"line":111,"column":58},"skip":true},{"start":{"line":112,"column":20},"end":{"line":112,"column":68},"skip":true}]},"15":{"line":129,"type":"if","locations":[{"start":{"line":129,"column":16},"end":{"line":129,"column":16},"skip":true},{"start":{"line":129,"column":16},"end":{"line":129,"column":16},"skip":true}]},"16":{"line":134,"type":"cond-expr","locations":[{"start":{"line":135,"column":26},"end":{"line":135,"column":29},"skip":true},{"start":{"line":136,"column":26},"end":{"line":136,"column":54},"skip":true}]},"17":{"line":164,"type":"binary-expr","locations":[{"start":{"line":164,"column":27},"end":{"line":164,"column":43},"skip":true},{"start":{"line":164,"column":47},"end":{"line":164,"column":49},"skip":true}]},"18":{"line":258,"type":"if","locations":[{"start":{"line":258,"column":8},"end":{"line":258,"column":8},"skip":true},{"start":{"line":258,"column":8},"end":{"line":258,"column":8},"skip":true}]},"19":{"line":275,"type":"switch","locations":[{"start":{"line":276,"column":20},"end":{"line":277,"column":64},"skip":true},{"start":{"line":278,"column":20},"end":{"line":279,"column":40},"skip":true},{"start":{"line":280,"column":20},"end":{"line":281,"column":40},"skip":true},{"start":{"line":282,"column":20},"end":{"line":283,"column":39},"skip":true}]},"20":{"line":288,"type":"if","locations":[{"start":{"line":288,"column":8},"end":{"line":288,"column":8},"skip":true},{"start":{"line":288,"column":8},"end":{"line":288,"column":8},"skip":true}]},"21":{"line":288,"type":"binary-expr","locations":[{"start":{"line":288,"column":12},"end":{"line":288,"column":40},"skip":true},{"start":{"line":288,"column":44},"end":{"line":288,"column":67},"skip":true}]},"22":{"line":292,"type":"binary-expr","locations":[{"start":{"line":292,"column":12},"end":{"line":292,"column":50},"skip":true},{"start":{"line":293,"column":12},"end":{"line":293,"column":53},"skip":true}]},"23":{"line":295,"type":"binary-expr","locations":[{"start":{"line":295,"column":12},"end":{"line":295,"column":62},"skip":true},{"start":{"line":296,"column":12},"end":{"line":301,"column":36},"skip":true}]},"24":{"line":302,"type":"binary-expr","locations":[{"start":{"line":302,"column":43},"end":{"line":302,"column":75},"skip":true},{"start":{"line":302,"column":79},"end":{"line":302,"column":81},"skip":true}]},"25":{"line":305,"type":"if","locations":[{"start":{"line":305,"column":8},"end":{"line":305,"column":8},"skip":true},{"start":{"line":305,"column":8},"end":{"line":305,"column":8},"skip":true}]},"26":{"line":309,"type":"if","locations":[{"start":{"line":309,"column":8},"end":{"line":309,"column":8},"skip":true},{"start":{"line":309,"column":8},"end":{"line":309,"column":8},"skip":true}]},"27":{"line":312,"type":"binary-expr","locations":[{"start":{"line":312,"column":27},"end":{"line":312,"column":43},"skip":true},{"start":{"line":312,"column":47},"end":{"line":312,"column":53},"skip":true}]},"28":{"line":316,"type":"if","locations":[{"start":{"line":316,"column":12},"end":{"line":316,"column":12},"skip":true},{"start":{"line":316,"column":12},"end":{"line":316,"column":12},"skip":true}]}},"code":["/*","example.js","","quickstart example","","instruction","    1. save this script as example.js","    2. run the shell command:","        $ npm install npmtest-nock && PORT=8081 node example.js","    3. play with the browser-demo on http://127.0.0.1:8081","*/","","","","/* istanbul instrument in package npmtest_nock */","/*jslint","    bitwise: true,","    browser: true,","    maxerr: 8,","    maxlen: 96,","    node: true,","    nomen: true,","    regexp: true,","    stupid: true","*/","(function () {","    'use strict';","    var local;","","","","    // run shared js-env code - pre-init","    (function () {","        // init local","        local = {};","        // init modeJs","        local.modeJs = (function () {","            try {","                return typeof navigator.userAgent === 'string' &&","                    typeof document.querySelector('body') === 'object' &&","                    typeof XMLHttpRequest.prototype.open === 'function' &&","                    'browser';","            } catch (errorCaughtBrowser) {","                return module.exports &&","                    typeof process.versions.node === 'string' &&","                    typeof require('http').createServer === 'function' &&","                    'node';","            }","        }());","        // init global","        local.global = local.modeJs === 'browser'","            ? window","            : global;","        // init utility2_rollup","        local = local.global.utility2_rollup || (local.modeJs === 'browser'","            ? local.global.utility2_npmtest_nock","            : global.utility2_moduleExports);","        // export local","        local.global.local = local;","    }());","    switch (local.modeJs) {","","","","    // post-init","    // run browser js-env code - post-init","    /* istanbul ignore next */","    case 'browser':","        local.testRunBrowser = function (event) {","            if (!event || (event &&","                    event.currentTarget &&","                    event.currentTarget.className &&","                    event.currentTarget.className.includes &&","                    event.currentTarget.className.includes('onreset'))) {","                // reset output","                Array.from(","                    document.querySelectorAll('body > .resettable')","                ).forEach(function (element) {","                    switch (element.tagName) {","                    case 'INPUT':","                    case 'TEXTAREA':","                        element.value = '';","                        break;","                    default:","                        element.textContent = '';","                    }","                });","            }","            switch (event && event.currentTarget && event.currentTarget.id) {","            case 'testRunButton1':","                // show tests","                if (document.querySelector('#testReportDiv1').style.display === 'none') {","                    document.querySelector('#testReportDiv1').style.display = 'block';","                    document.querySelector('#testRunButton1').textContent =","                        'hide internal test';","                    local.modeTest = true;","                    local.testRunDefault(local);","                // hide tests","                } else {","                    document.querySelector('#testReportDiv1').style.display = 'none';","                    document.querySelector('#testRunButton1').textContent = 'run internal test';","                }","                break;","            // custom-case","            default:","                break;","            }","            if (document.querySelector('#inputTextareaEval1') && (!event || (event &&","                    event.currentTarget &&","                    event.currentTarget.className &&","                    event.currentTarget.className.includes &&","                    event.currentTarget.className.includes('oneval')))) {","                // try to eval input-code","                try {","                    /*jslint evil: true*/","                    eval(document.querySelector('#inputTextareaEval1').value);","                } catch (errorCaught) {","                    console.error(errorCaught.stack);","                }","            }","        };","        // log stderr and stdout to #outputTextareaStdout1","        ['error', 'log'].forEach(function (key) {","            console[key + '_original'] = console[key];","            console[key] = function () {","                var element;","                console[key + '_original'].apply(console, arguments);","                element = document.querySelector('#outputTextareaStdout1');","                if (!element) {","                    return;","                }","                // append text to #outputTextareaStdout1","                element.value += Array.from(arguments).map(function (arg) {","                    return typeof arg === 'string'","                        ? arg","                        : JSON.stringify(arg, null, 4);","                }).join(' ') + '\\n';","                // scroll textarea to bottom","                element.scrollTop = element.scrollHeight;","            };","        });","        // init event-handling","        ['change', 'click', 'keyup'].forEach(function (event) {","            Array.from(document.querySelectorAll('.on' + event)).forEach(function (element) {","                element.addEventListener(event, local.testRunBrowser);","            });","        });","        // run tests","        local.testRunBrowser();","        break;","","","","    // run node js-env code - post-init","    /* istanbul ignore next */","    case 'node':","        // export local","        module.exports = local;","        // require modules","        local.fs = require('fs');","        local.http = require('http');","        local.url = require('url');","        // init assets","        local.assetsDict = local.assetsDict || {};","        /* jslint-ignore-begin */","        local.assetsDict['/assets.index.template.html'] = '\\","<!doctype html>\\n\\","<html lang=\"en\">\\n\\","<head>\\n\\","<meta charset=\"UTF-8\">\\n\\","<meta name=\"viewport\" content=\"width=device-width, initial-scale=1\">\\n\\","<title>{{env.npm_package_name}} (v{{env.npm_package_version}})</title>\\n\\","<style>\\n\\","/*csslint\\n\\","    box-sizing: false,\\n\\","    universal-selector: false\\n\\","*/\\n\\","* {\\n\\","    box-sizing: border-box;\\n\\","}\\n\\","body {\\n\\","    background: #dde;\\n\\","    font-family: Arial, Helvetica, sans-serif;\\n\\","    margin: 2rem;\\n\\","}\\n\\","body > * {\\n\\","    margin-bottom: 1rem;\\n\\","}\\n\\",".utility2FooterDiv {\\n\\","    margin-top: 20px;\\n\\","    text-align: center;\\n\\","}\\n\\","</style>\\n\\","<style>\\n\\","/*csslint\\n\\","*/\\n\\","textarea {\\n\\","    font-family: monospace;\\n\\","    height: 10rem;\\n\\","    width: 100%;\\n\\","}\\n\\","textarea[readonly] {\\n\\","    background: #ddd;\\n\\","}\\n\\","</style>\\n\\","</head>\\n\\","<body>\\n\\","<!-- utility2-comment\\n\\","<div id=\"ajaxProgressDiv1\" style=\"background: #d00; height: 2px; left: 0; margin: 0; padding: 0; position: fixed; top: 0; transition: background 0.5s, width 1.5s; width: 25%;\"></div>\\n\\","utility2-comment -->\\n\\","<h1>\\n\\","<!-- utility2-comment\\n\\","    <a\\n\\","        {{#if env.npm_package_homepage}}\\n\\","        href=\"{{env.npm_package_homepage}}\"\\n\\","        {{/if env.npm_package_homepage}}\\n\\","        target=\"_blank\"\\n\\","    >\\n\\","utility2-comment -->\\n\\","        {{env.npm_package_name}} (v{{env.npm_package_version}})\\n\\","<!-- utility2-comment\\n\\","    </a>\\n\\","utility2-comment -->\\n\\","</h1>\\n\\","<h3>{{env.npm_package_description}}</h3>\\n\\","<!-- utility2-comment\\n\\","<h4><a download href=\"assets.app.js\">download standalone app</a></h4>\\n\\","<button class=\"onclick onreset\" id=\"testRunButton1\">run internal test</button><br>\\n\\","<div id=\"testReportDiv1\" style=\"display: none;\"></div>\\n\\","utility2-comment -->\\n\\","\\n\\","\\n\\","\\n\\","<label>stderr and stdout</label>\\n\\","<textarea class=\"resettable\" id=\"outputTextareaStdout1\" readonly></textarea>\\n\\","<!-- utility2-comment\\n\\","{{#if isRollup}}\\n\\","<script src=\"assets.app.js\"></script>\\n\\","{{#unless isRollup}}\\n\\","utility2-comment -->\\n\\","<script src=\"assets.utility2.rollup.js\"></script>\\n\\","<script src=\"jsonp.utility2._stateInit?callback=window.utility2._stateInit\"></script>\\n\\","<script src=\"assets.npmtest_nock.rollup.js\"></script>\\n\\","<script src=\"assets.example.js\"></script>\\n\\","<script src=\"assets.test.js\"></script>\\n\\","<!-- utility2-comment\\n\\","{{/if isRollup}}\\n\\","utility2-comment -->\\n\\","<div class=\"utility2FooterDiv\">\\n\\","    [ this app was created with\\n\\","    <a href=\"https://github.com/kaizhu256/node-utility2\" target=\"_blank\">utility2</a>\\n\\","    ]\\n\\","</div>\\n\\","</body>\\n\\","</html>\\n\\","';","        /* jslint-ignore-end */","        if (local.templateRender) {","            local.assetsDict['/'] = local.templateRender(","                local.assetsDict['/assets.index.template.html'],","                {","                    env: local.objectSetDefault(local.env, {","                        npm_package_description: 'the greatest app in the world!',","                        npm_package_name: 'my-app',","                        npm_package_nameAlias: 'my_app',","                        npm_package_version: '0.0.1'","                    })","                }","            );","        } else {","            local.assetsDict['/'] = local.assetsDict['/assets.index.template.html']","                .replace((/\\{\\{env\\.(\\w+?)\\}\\}/g), function (match0, match1) {","                    // jslint-hack","                    String(match0);","                    switch (match1) {","                    case 'npm_package_description':","                        return 'the greatest app in the world!';","                    case 'npm_package_name':","                        return 'my-app';","                    case 'npm_package_nameAlias':","                        return 'my_app';","                    case 'npm_package_version':","                        return '0.0.1';","                    }","                });","        }","        // run the cli","        if (local.global.utility2_rollup || module !== require.main) {","            break;","        }","        local.assetsDict['/assets.example.js'] =","            local.assetsDict['/assets.example.js'] ||","            local.fs.readFileSync(__filename, 'utf8');","        local.assetsDict['/assets.npmtest_nock.rollup.js'] =","            local.assetsDict['/assets.npmtest_nock.rollup.js'] ||","            local.fs.readFileSync(","                // buildCustomOrg-hack","                local.npmtest_nock.__dirname +","                    '/lib.npmtest_nock.js',","                'utf8'","            ).replace((/^#!/), '//');","        local.assetsDict['/favicon.ico'] = local.assetsDict['/favicon.ico'] || '';","        // if $npm_config_timeout_exit exists,","        // then exit this process after $npm_config_timeout_exit ms","        if (Number(process.env.npm_config_timeout_exit)) {","            setTimeout(process.exit, Number(process.env.npm_config_timeout_exit));","        }","        // start server","        if (local.global.utility2_serverHttp1) {","            break;","        }","        process.env.PORT = process.env.PORT || '8081';","        console.error('server starting on port ' + process.env.PORT);","        local.http.createServer(function (request, response) {","            request.urlParsed = local.url.parse(request.url);","            if (local.assetsDict[request.urlParsed.pathname] !== undefined) {","                response.end(local.assetsDict[request.urlParsed.pathname]);","                return;","            }","            response.statusCode = 404;","            response.end();","        }).listen(process.env.PORT);","        break;","    }","}());",""],"l":{"26":2,"28":2,"33":2,"35":2,"37":2,"38":2,"39":2,"44":1,"51":2,"55":2,"59":2,"61":2,"69":1,"70":2,"76":2,"79":2,"82":2,"83":2,"85":1,"89":2,"92":1,"93":1,"94":1,"96":1,"97":1,"100":1,"101":1,"103":1,"106":1,"108":2,"114":1,"116":1,"118":1,"123":1,"124":2,"125":2,"126":2,"127":2,"128":2,"129":2,"130":1,"133":2,"134":2,"139":2,"143":1,"144":3,"145":1,"149":1,"150":1,"158":1,"160":1,"161":1,"162":1,"164":1,"166":1,"258":1,"259":1,"271":1,"274":6,"275":6,"277":1,"279":2,"281":1,"283":2,"288":1,"289":1,"291":1,"294":1,"302":1,"305":1,"306":1,"309":1,"310":1,"312":1,"313":1,"314":1,"315":1,"316":1,"317":1,"318":1,"320":1,"321":1,"323":1}},"/home/travis/build/npmtest/node-npmtest-nock/nock/index.js":{"path":"/home/travis/build/npmtest/node-npmtest-nock/nock/index.js","s":{"1":1,"2":1,"3":1,"4":1,"5":1},"b":{},"f":{},"fnMap":{},"statementMap":{"1":{"start":{"line":1,"column":0},"end":{"line":1,"column":41}},"2":{"start":{"line":2,"column":0},"end":{"line":2,"column":40}},"3":{"start":{"line":4,"column":0},"end":{"line":8,"column":2}},"4":{"start":{"line":10,"column":0},"end":{"line":10,"column":44}},"5":{"start":{"line":11,"column":0},"end":{"line":11,"column":42}}},"branchMap":{},"code":["var recorder = require('./lib/recorder');","module.exports = require('./lib/scope');","","module.exports.recorder = {","    rec  : recorder.record","  , clear   : recorder.clear","  , play : recorder.outputs","};","","module.exports.back = require('./lib/back');","module.exports.restore = recorder.restore;",""],"l":{"1":1,"2":1,"4":1,"10":1,"11":1}},"/home/travis/build/npmtest/node-npmtest-nock/nock/lib/recorder.js":{"path":"/home/travis/build/npmtest/node-npmtest-nock/nock/lib/recorder.js","s":{"1":1,"2":1,"3":1,"4":1,"5":1,"6":1,"7":1,"8":1,"9":1,"10":1,"11":1,"12":1,"13":0,"14":0,"15":0,"16":0,"17":0,"18":0,"19":0,"20":0,"21":0,"22":0,"23":1,"24":0,"25":1,"26":0,"27":0,"28":0,"29":0,"30":0,"31":0,"32":0,"33":0,"34":0,"35":0,"36":0,"37":0,"38":0,"39":0,"40":1,"41":0,"42":0,"43":1,"44":0,"45":0,"46":0,"47":0,"48":0,"49":0,"50":0,"51":0,"52":0,"53":0,"54":0,"55":0,"56":0,"57":0,"58":0,"59":0,"60":0,"61":0,"62":0,"63":0,"64":0,"65":0,"66":0,"67":0,"68":0,"69":0,"70":0,"71":0,"72":0,"73":0,"74":0,"75":0,"76":0,"77":0,"78":0,"79":0,"80":0,"81":0,"82":0,"83":0,"84":0,"85":0,"86":0,"87":0,"88":0,"89":1,"90":1,"91":0,"92":0,"93":0,"94":0,"95":0,"96":0,"97":0,"98":0,"99":0,"100":0,"101":0,"102":0,"103":0,"104":0,"105":0,"106":0,"107":0,"108":0,"109":0,"110":0,"111":0,"112":0,"113":0,"114":0,"115":0,"116":0,"117":0,"118":0,"119":0,"120":0,"121":0,"122":0,"123":0,"124":0,"125":0,"126":0,"127":0,"128":0,"129":0,"130":0,"131":0,"132":0,"133":0,"134":0,"135":0,"136":0,"137":0,"138":0,"139":0,"140":0,"141":0,"142":0,"143":0,"144":0,"145":0,"146":0,"147":0,"148":0,"149":0,"150":0,"151":0,"152":0,"153":0,"154":0,"155":0,"156":0,"157":0,"158":0,"159":0,"160":0,"161":0,"162":0,"163":0,"164":0,"165":0,"166":0,"167":0,"168":1,"169":1,"170":1,"171":1,"172":1,"173":1,"174":0,"175":1,"176":1,"177":0,"178":1,"179":1},"b":{"1":[0,0],"2":[0,0],"3":[0,0,0,0,0,0],"4":[0,0],"5":[0,0],"6":[0,0],"7":[0,0],"8":[0,0],"9":[0,0],"10":[0,0],"11":[0,0],"12":[0,0],"13":[0,0],"14":[0,0],"15":[0,0],"16":[0,0],"17":[0,0,0,0],"18":[0,0],"19":[0,0],"20":[0,0,0],"21":[0,0],"22":[0,0],"23":[0,0],"24":[0,0],"25":[0,0],"26":[0,0],"27":[0,0],"28":[0,0],"29":[0,0],"30":[0,0],"31":[0,0],"32":[0,0],"33":[0,0],"34":[0,0],"35":[0,0],"36":[0,0],"37":[0,0],"38":[0,0]},"f":{"1":0,"2":0,"3":0,"4":0,"5":0,"6":0,"7":0,"8":0,"9":0,"10":0,"11":0,"12":0,"13":0,"14":1,"15":0,"16":0},"fnMap":{"1":{"name":"getScope","line":16,"loc":{"start":{"line":16,"column":0},"end":{"line":16,"column":27}}},"2":{"name":"getMethod","line":42,"loc":{"start":{"line":42,"column":0},"end":{"line":42,"column":28}}},"3":{"name":"(anonymous_3)","line":48,"loc":{"start":{"line":48,"column":24},"end":{"line":48,"column":50}}},"4":{"name":"(anonymous_4)","line":54,"loc":{"start":{"line":54,"column":25},"end":{"line":54,"column":41}}},"5":{"name":"generateRequestAndResponseObject","line":87,"loc":{"start":{"line":87,"column":0},"end":{"line":87,"column":85}}},"6":{"name":"generateRequestAndResponse","line":103,"loc":{"start":{"line":103,"column":0},"end":{"line":103,"column":79}}},"7":{"name":"record","line":175,"loc":{"start":{"line":175,"column":0},"end":{"line":175,"column":29}}},"8":{"name":"(anonymous_8)","line":215,"loc":{"start":{"line":215,"column":26},"end":{"line":215,"column":80}}},"9":{"name":"(anonymous_9)","line":236,"loc":{"start":{"line":236,"column":41},"end":{"line":236,"column":55}}},"10":{"name":"(anonymous_10)","line":245,"loc":{"start":{"line":245,"column":22},"end":{"line":245,"column":33}}},"11":{"name":"(anonymous_11)","line":297,"loc":{"start":{"line":297,"column":24},"end":{"line":297,"column":47}}},"12":{"name":"(anonymous_12)","line":304,"loc":{"start":{"line":304,"column":17},"end":{"line":304,"column":32}}},"13":{"name":"(anonymous_13)","line":330,"loc":{"start":{"line":330,"column":16},"end":{"line":330,"column":41}}},"14":{"name":"restore","line":348,"loc":{"start":{"line":348,"column":0},"end":{"line":348,"column":19}}},"15":{"name":"clear","line":356,"loc":{"start":{"line":356,"column":0},"end":{"line":356,"column":17}}},"16":{"name":"(anonymous_16)","line":361,"loc":{"start":{"line":361,"column":18},"end":{"line":361,"column":29}}}},"statementMap":{"1":{"start":{"line":3,"column":0},"end":{"line":3,"column":38}},"2":{"start":{"line":4,"column":0},"end":{"line":4,"column":33}},"3":{"start":{"line":5,"column":0},"end":{"line":5,"column":33}},"4":{"start":{"line":6,"column":0},"end":{"line":6,"column":39}},"5":{"start":{"line":7,"column":0},"end":{"line":7,"column":46}},"6":{"start":{"line":8,"column":0},"end":{"line":8,"column":26}},"7":{"start":{"line":9,"column":0},"end":{"line":9,"column":31}},"8":{"start":{"line":10,"column":0},"end":{"line":10,"column":25}},"9":{"start":{"line":12,"column":0},"end":{"line":12,"column":49}},"10":{"start":{"line":13,"column":0},"end":{"line":13,"column":32}},"11":{"start":{"line":14,"column":0},"end":{"line":14,"column":17}},"12":{"start":{"line":16,"column":0},"end":{"line":40,"column":1}},"13":{"start":{"line":18,"column":2},"end":{"line":18,"column":42}},"14":{"start":{"line":20,"column":2},"end":{"line":20,"column":17}},"15":{"start":{"line":21,"column":2},"end":{"line":25,"column":3}},"16":{"start":{"line":22,"column":4},"end":{"line":22,"column":27}},"17":{"start":{"line":24,"column":4},"end":{"line":24,"column":26}},"18":{"start":{"line":27,"column":2},"end":{"line":27,"column":27}},"19":{"start":{"line":30,"column":2},"end":{"line":36,"column":3}},"20":{"start":{"line":34,"column":4},"end":{"line":34,"column":20}},"21":{"start":{"line":35,"column":4},"end":{"line":35,"column":29}},"22":{"start":{"line":38,"column":2},"end":{"line":38,"column":24}},"23":{"start":{"line":42,"column":0},"end":{"line":46,"column":1}},"24":{"start":{"line":44,"column":2},"end":{"line":44,"column":35}},"25":{"start":{"line":48,"column":0},"end":{"line":85,"column":2}},"26":{"start":{"line":53,"column":2},"end":{"line":65,"column":3}},"27":{"start":{"line":54,"column":4},"end":{"line":64,"column":7}},"28":{"start":{"line":55,"column":6},"end":{"line":61,"column":7}},"29":{"start":{"line":56,"column":8},"end":{"line":60,"column":9}},"30":{"start":{"line":57,"column":10},"end":{"line":57,"column":36}},"31":{"start":{"line":59,"column":10},"end":{"line":59,"column":82}},"32":{"start":{"line":63,"column":6},"end":{"line":63,"column":35}},"33":{"start":{"line":67,"column":2},"end":{"line":67,"column":48}},"34":{"start":{"line":74,"column":2},"end":{"line":83,"column":3}},"35":{"start":{"line":75,"column":4},"end":{"line":75,"column":40}},"36":{"start":{"line":77,"column":4},"end":{"line":77,"column":61}},"37":{"start":{"line":78,"column":4},"end":{"line":82,"column":5}},"38":{"start":{"line":79,"column":6},"end":{"line":79,"column":46}},"39":{"start":{"line":81,"column":6},"end":{"line":81,"column":34}},"40":{"start":{"line":87,"column":0},"end":{"line":101,"column":1}},"41":{"start":{"line":89,"column":2},"end":{"line":89,"column":26}},"42":{"start":{"line":90,"column":2},"end":{"line":99,"column":4}},"43":{"start":{"line":103,"column":0},"end":{"line":166,"column":1}},"44":{"start":{"line":105,"column":2},"end":{"line":105,"column":50}},"45":{"start":{"line":106,"column":2},"end":{"line":106,"column":64}},"46":{"start":{"line":109,"column":2},"end":{"line":109,"column":26}},"47":{"start":{"line":110,"column":2},"end":{"line":110,"column":21}},"48":{"start":{"line":111,"column":2},"end":{"line":111,"column":20}},"49":{"start":{"line":112,"column":2},"end":{"line":122,"column":3}},"50":{"start":{"line":113,"column":4},"end":{"line":113,"column":41}},"51":{"start":{"line":116,"column":4},"end":{"line":116,"column":60}},"52":{"start":{"line":118,"column":4},"end":{"line":121,"column":5}},"53":{"start":{"line":119,"column":6},"end":{"line":119,"column":40}},"54":{"start":{"line":120,"column":6},"end":{"line":120,"column":36}},"55":{"start":{"line":124,"column":2},"end":{"line":124,"column":15}},"56":{"start":{"line":125,"column":2},"end":{"line":125,"column":24}},"57":{"start":{"line":126,"column":2},"end":{"line":126,"column":30}},"58":{"start":{"line":127,"column":2},"end":{"line":127,"column":19}},"59":{"start":{"line":128,"column":2},"end":{"line":128,"column":57}},"60":{"start":{"line":129,"column":2},"end":{"line":129,"column":18}},"61":{"start":{"line":130,"column":2},"end":{"line":130,"column":18}},"62":{"start":{"line":131,"column":2},"end":{"line":131,"column":45}},"63":{"start":{"line":132,"column":2},"end":{"line":132,"column":18}},"64":{"start":{"line":133,"column":2},"end":{"line":133,"column":17}},"65":{"start":{"line":134,"column":2},"end":{"line":134,"column":16}},"66":{"start":{"line":135,"column":2},"end":{"line":138,"column":3}},"67":{"start":{"line":136,"column":4},"end":{"line":136,"column":19}},"68":{"start":{"line":137,"column":4},"end":{"line":137,"column":42}},"69":{"start":{"line":139,"column":2},"end":{"line":139,"column":18}},"70":{"start":{"line":140,"column":2},"end":{"line":144,"column":3}},"71":{"start":{"line":141,"column":4},"end":{"line":143,"column":5}},"72":{"start":{"line":142,"column":6},"end":{"line":142,"column":102}},"73":{"start":{"line":146,"column":2},"end":{"line":150,"column":3}},"74":{"start":{"line":147,"column":4},"end":{"line":147,"column":26}},"75":{"start":{"line":148,"column":4},"end":{"line":148,"column":39}},"76":{"start":{"line":149,"column":4},"end":{"line":149,"column":20}},"77":{"start":{"line":152,"column":2},"end":{"line":152,"column":24}},"78":{"start":{"line":153,"column":2},"end":{"line":153,"column":38}},"79":{"start":{"line":154,"column":2},"end":{"line":154,"column":17}},"80":{"start":{"line":155,"column":2},"end":{"line":155,"column":41}},"81":{"start":{"line":156,"column":2},"end":{"line":162,"column":3}},"82":{"start":{"line":157,"column":4},"end":{"line":157,"column":19}},"83":{"start":{"line":158,"column":4},"end":{"line":158,"column":38}},"84":{"start":{"line":159,"column":9},"end":{"line":162,"column":3}},"85":{"start":{"line":160,"column":4},"end":{"line":160,"column":19}},"86":{"start":{"line":161,"column":4},"end":{"line":161,"column":35}},"87":{"start":{"line":163,"column":2},"end":{"line":163,"column":19}},"88":{"start":{"line":165,"column":2},"end":{"line":165,"column":22}},"89":{"start":{"line":173,"column":0},"end":{"line":173,"column":27}},"90":{"start":{"line":175,"column":0},"end":{"line":345,"column":1}},"91":{"start":{"line":178,"column":2},"end":{"line":178,"column":46}},"92":{"start":{"line":179,"column":2},"end":{"line":179,"column":43}},"93":{"start":{"line":181,"column":2},"end":{"line":181,"column":73}},"94":{"start":{"line":186,"column":2},"end":{"line":188,"column":3}},"95":{"start":{"line":187,"column":4},"end":{"line":187,"column":58}},"96":{"start":{"line":190,"column":2},"end":{"line":190,"column":29}},"97":{"start":{"line":194,"column":2},"end":{"line":194,"column":56}},"98":{"start":{"line":195,"column":2},"end":{"line":196,"column":50}},"99":{"start":{"line":197,"column":2},"end":{"line":197,"column":69}},"100":{"start":{"line":198,"column":2},"end":{"line":198,"column":95}},"101":{"start":{"line":199,"column":2},"end":{"line":199,"column":72}},"102":{"start":{"line":200,"column":2},"end":{"line":200,"column":27}},"103":{"start":{"line":201,"column":2},"end":{"line":203,"column":3}},"104":{"start":{"line":202,"column":4},"end":{"line":202,"column":46}},"105":{"start":{"line":205,"column":2},"end":{"line":205,"column":79}},"106":{"start":{"line":210,"column":2},"end":{"line":210,"column":37}},"107":{"start":{"line":212,"column":2},"end":{"line":212,"column":45}},"108":{"start":{"line":215,"column":2},"end":{"line":344,"column":5}},"109":{"start":{"line":217,"column":4},"end":{"line":217,"column":24}},"110":{"start":{"line":219,"column":4},"end":{"line":227,"column":5}},"111":{"start":{"line":220,"column":6},"end":{"line":220,"column":35}},"112":{"start":{"line":221,"column":6},"end":{"line":226,"column":8}},"113":{"start":{"line":231,"column":4},"end":{"line":233,"column":5}},"114":{"start":{"line":232,"column":6},"end":{"line":232,"column":50}},"115":{"start":{"line":234,"column":4},"end":{"line":234,"column":30}},"116":{"start":{"line":236,"column":4},"end":{"line":327,"column":7}},"117":{"start":{"line":238,"column":6},"end":{"line":238,"column":73}},"118":{"start":{"line":240,"column":6},"end":{"line":242,"column":7}},"119":{"start":{"line":241,"column":8},"end":{"line":241,"column":33}},"120":{"start":{"line":245,"column":6},"end":{"line":289,"column":9}},"121":{"start":{"line":246,"column":8},"end":{"line":246,"column":67}},"122":{"start":{"line":248,"column":8},"end":{"line":248,"column":16}},"123":{"start":{"line":249,"column":8},"end":{"line":263,"column":9}},"124":{"start":{"line":250,"column":10},"end":{"line":250,"column":92}},"125":{"start":{"line":251,"column":10},"end":{"line":260,"column":11}},"126":{"start":{"line":254,"column":12},"end":{"line":254,"column":68}},"127":{"start":{"line":257,"column":12},"end":{"line":259,"column":13}},"128":{"start":{"line":258,"column":14},"end":{"line":258,"column":36}},"129":{"start":{"line":262,"column":10},"end":{"line":262,"column":86}},"130":{"start":{"line":265,"column":8},"end":{"line":265,"column":27}},"131":{"start":{"line":275,"column":8},"end":{"line":278,"column":9}},"132":{"start":{"line":276,"column":10},"end":{"line":276,"column":70}},"133":{"start":{"line":277,"column":10},"end":{"line":277,"column":17}},"134":{"start":{"line":280,"column":8},"end":{"line":280,"column":26}},"135":{"start":{"line":282,"column":8},"end":{"line":288,"column":9}},"136":{"start":{"line":283,"column":10},"end":{"line":287,"column":11}},"137":{"start":{"line":284,"column":12},"end":{"line":284,"column":49}},"138":{"start":{"line":286,"column":12},"end":{"line":286,"column":25}},"139":{"start":{"line":291,"column":6},"end":{"line":291,"column":26}},"140":{"start":{"line":292,"column":6},"end":{"line":292,"column":19}},"141":{"start":{"line":296,"column":6},"end":{"line":296,"column":40}},"142":{"start":{"line":297,"column":6},"end":{"line":300,"column":8}},"143":{"start":{"line":298,"column":8},"end":{"line":298,"column":31}},"144":{"start":{"line":299,"column":8},"end":{"line":299,"column":50}},"145":{"start":{"line":303,"column":6},"end":{"line":303,"column":33}},"146":{"start":{"line":304,"column":6},"end":{"line":313,"column":7}},"147":{"start":{"line":305,"column":8},"end":{"line":310,"column":9}},"148":{"start":{"line":306,"column":10},"end":{"line":308,"column":11}},"149":{"start":{"line":307,"column":12},"end":{"line":307,"column":46}},"150":{"start":{"line":309,"column":10},"end":{"line":309,"column":32}},"151":{"start":{"line":312,"column":8},"end":{"line":312,"column":43}},"152":{"start":{"line":315,"column":6},"end":{"line":319,"column":7}},"153":{"start":{"line":316,"column":8},"end":{"line":316,"column":41}},"154":{"start":{"line":318,"column":8},"end":{"line":318,"column":21}},"155":{"start":{"line":321,"column":6},"end":{"line":321,"column":48}},"156":{"start":{"line":323,"column":6},"end":{"line":325,"column":7}},"157":{"start":{"line":324,"column":8},"end":{"line":324,"column":31}},"158":{"start":{"line":329,"column":4},"end":{"line":329,"column":29}},"159":{"start":{"line":330,"column":4},"end":{"line":341,"column":6}},"160":{"start":{"line":331,"column":6},"end":{"line":340,"column":7}},"161":{"start":{"line":332,"column":8},"end":{"line":338,"column":9}},"162":{"start":{"line":333,"column":10},"end":{"line":333,"column":61}},"163":{"start":{"line":334,"column":10},"end":{"line":336,"column":11}},"164":{"start":{"line":335,"column":12},"end":{"line":335,"column":46}},"165":{"start":{"line":337,"column":10},"end":{"line":337,"column":32}},"166":{"start":{"line":339,"column":8},"end":{"line":339,"column":33}},"167":{"start":{"line":343,"column":4},"end":{"line":343,"column":15}},"168":{"start":{"line":348,"column":0},"end":{"line":354,"column":1}},"169":{"start":{"line":349,"column":2},"end":{"line":349,"column":82}},"170":{"start":{"line":351,"column":2},"end":{"line":351,"column":37}},"171":{"start":{"line":352,"column":2},"end":{"line":352,"column":45}},"172":{"start":{"line":353,"column":2},"end":{"line":353,"column":30}},"173":{"start":{"line":356,"column":0},"end":{"line":358,"column":1}},"174":{"start":{"line":357,"column":2},"end":{"line":357,"column":15}},"175":{"start":{"line":360,"column":0},"end":{"line":360,"column":24}},"176":{"start":{"line":361,"column":0},"end":{"line":363,"column":2}},"177":{"start":{"line":362,"column":2},"end":{"line":362,"column":17}},"178":{"start":{"line":364,"column":0},"end":{"line":364,"column":26}},"179":{"start":{"line":365,"column":0},"end":{"line":365,"column":22}}},"branchMap":{"1":{"line":21,"type":"if","locations":[{"start":{"line":21,"column":2},"end":{"line":21,"column":2}},{"start":{"line":21,"column":2},"end":{"line":21,"column":2}}]},"2":{"line":30,"type":"if","locations":[{"start":{"line":30,"column":2},"end":{"line":30,"column":2}},{"start":{"line":30,"column":2},"end":{"line":30,"column":2}}]},"3":{"line":30,"type":"binary-expr","locations":[{"start":{"line":30,"column":5},"end":{"line":30,"column":37}},{"start":{"line":31,"column":5},"end":{"line":31,"column":17}},{"start":{"line":32,"column":7},"end":{"line":32,"column":22}},{"start":{"line":32,"column":26},"end":{"line":32,"column":59}},{"start":{"line":33,"column":8},"end":{"line":33,"column":24}},{"start":{"line":33,"column":28},"end":{"line":33,"column":60}}]},"4":{"line":44,"type":"binary-expr","locations":[{"start":{"line":44,"column":10},"end":{"line":44,"column":24}},{"start":{"line":44,"column":28},"end":{"line":44,"column":33}}]},"5":{"line":53,"type":"if","locations":[{"start":{"line":53,"column":2},"end":{"line":53,"column":2}},{"start":{"line":53,"column":2},"end":{"line":53,"column":2}}]},"6":{"line":55,"type":"if","locations":[{"start":{"line":55,"column":6},"end":{"line":55,"column":6}},{"start":{"line":55,"column":6},"end":{"line":55,"column":6}}]},"7":{"line":56,"type":"if","locations":[{"start":{"line":56,"column":8},"end":{"line":56,"column":8}},{"start":{"line":56,"column":8},"end":{"line":56,"column":8}}]},"8":{"line":74,"type":"if","locations":[{"start":{"line":74,"column":2},"end":{"line":74,"column":2}},{"start":{"line":74,"column":2},"end":{"line":74,"column":2}}]},"9":{"line":97,"type":"binary-expr","locations":[{"start":{"line":97,"column":16},"end":{"line":97,"column":30}},{"start":{"line":97,"column":34},"end":{"line":97,"column":45}}]},"10":{"line":112,"type":"if","locations":[{"start":{"line":112,"column":2},"end":{"line":112,"column":2}},{"start":{"line":112,"column":2},"end":{"line":112,"column":2}}]},"11":{"line":135,"type":"if","locations":[{"start":{"line":135,"column":2},"end":{"line":135,"column":2}},{"start":{"line":135,"column":2},"end":{"line":135,"column":2}}]},"12":{"line":140,"type":"if","locations":[{"start":{"line":140,"column":2},"end":{"line":140,"column":2}},{"start":{"line":140,"column":2},"end":{"line":140,"column":2}}]},"13":{"line":146,"type":"if","locations":[{"start":{"line":146,"column":2},"end":{"line":146,"column":2}},{"start":{"line":146,"column":2},"end":{"line":146,"column":2}}]},"14":{"line":156,"type":"if","locations":[{"start":{"line":156,"column":2},"end":{"line":156,"column":2}},{"start":{"line":156,"column":2},"end":{"line":156,"column":2}}]},"15":{"line":159,"type":"if","locations":[{"start":{"line":159,"column":9},"end":{"line":159,"column":9}},{"start":{"line":159,"column":9},"end":{"line":159,"column":9}}]},"16":{"line":186,"type":"if","locations":[{"start":{"line":186,"column":2},"end":{"line":186,"column":2}},{"start":{"line":186,"column":2},"end":{"line":186,"column":2}}]},"17":{"line":195,"type":"binary-expr","locations":[{"start":{"line":195,"column":20},"end":{"line":195,"column":52}},{"start":{"line":195,"column":56},"end":{"line":195,"column":67}},{"start":{"line":196,"column":7},"end":{"line":196,"column":22}},{"start":{"line":196,"column":26},"end":{"line":196,"column":48}}]},"18":{"line":197,"type":"binary-expr","locations":[{"start":{"line":197,"column":23},"end":{"line":197,"column":38}},{"start":{"line":197,"column":42},"end":{"line":197,"column":68}}]},"19":{"line":198,"type":"binary-expr","locations":[{"start":{"line":198,"column":36},"end":{"line":198,"column":51}},{"start":{"line":198,"column":55},"end":{"line":198,"column":94}}]},"20":{"line":199,"type":"binary-expr","locations":[{"start":{"line":199,"column":17},"end":{"line":199,"column":32}},{"start":{"line":199,"column":36},"end":{"line":199,"column":55}},{"start":{"line":199,"column":60},"end":{"line":199,"column":71}}]},"21":{"line":201,"type":"if","locations":[{"start":{"line":201,"column":2},"end":{"line":201,"column":2}},{"start":{"line":201,"column":2},"end":{"line":201,"column":2}}]},"22":{"line":201,"type":"binary-expr","locations":[{"start":{"line":201,"column":6},"end":{"line":201,"column":21}},{"start":{"line":201,"column":25},"end":{"line":201,"column":60}}]},"23":{"line":219,"type":"if","locations":[{"start":{"line":219,"column":4},"end":{"line":219,"column":4}},{"start":{"line":219,"column":4},"end":{"line":219,"column":4}}]},"24":{"line":231,"type":"if","locations":[{"start":{"line":231,"column":4},"end":{"line":231,"column":4}},{"start":{"line":231,"column":4},"end":{"line":231,"column":4}}]},"25":{"line":240,"type":"if","locations":[{"start":{"line":240,"column":6},"end":{"line":240,"column":6}},{"start":{"line":240,"column":6},"end":{"line":240,"column":6}}]},"26":{"line":249,"type":"if","locations":[{"start":{"line":249,"column":8},"end":{"line":249,"column":8}},{"start":{"line":249,"column":8},"end":{"line":249,"column":8}}]},"27":{"line":251,"type":"if","locations":[{"start":{"line":251,"column":10},"end":{"line":251,"column":10}},{"start":{"line":251,"column":10},"end":{"line":251,"column":10}}]},"28":{"line":257,"type":"if","locations":[{"start":{"line":257,"column":12},"end":{"line":257,"column":12}},{"start":{"line":257,"column":12},"end":{"line":257,"column":12}}]},"29":{"line":275,"type":"if","locations":[{"start":{"line":275,"column":8},"end":{"line":275,"column":8}},{"start":{"line":275,"column":8},"end":{"line":275,"column":8}}]},"30":{"line":282,"type":"if","locations":[{"start":{"line":282,"column":8},"end":{"line":282,"column":8}},{"start":{"line":282,"column":8},"end":{"line":282,"column":8}}]},"31":{"line":283,"type":"if","locations":[{"start":{"line":283,"column":10},"end":{"line":283,"column":10}},{"start":{"line":283,"column":10},"end":{"line":283,"column":10}}]},"32":{"line":305,"type":"if","locations":[{"start":{"line":305,"column":8},"end":{"line":305,"column":8}},{"start":{"line":305,"column":8},"end":{"line":305,"column":8}}]},"33":{"line":306,"type":"if","locations":[{"start":{"line":306,"column":10},"end":{"line":306,"column":10}},{"start":{"line":306,"column":10},"end":{"line":306,"column":10}}]},"34":{"line":315,"type":"if","locations":[{"start":{"line":315,"column":6},"end":{"line":315,"column":6}},{"start":{"line":315,"column":6},"end":{"line":315,"column":6}}]},"35":{"line":323,"type":"if","locations":[{"start":{"line":323,"column":6},"end":{"line":323,"column":6}},{"start":{"line":323,"column":6},"end":{"line":323,"column":6}}]},"36":{"line":331,"type":"if","locations":[{"start":{"line":331,"column":6},"end":{"line":331,"column":6}},{"start":{"line":331,"column":6},"end":{"line":331,"column":6}}]},"37":{"line":332,"type":"if","locations":[{"start":{"line":332,"column":8},"end":{"line":332,"column":8}},{"start":{"line":332,"column":8},"end":{"line":332,"column":8}}]},"38":{"line":334,"type":"if","locations":[{"start":{"line":334,"column":10},"end":{"line":334,"column":10}},{"start":{"line":334,"column":10},"end":{"line":334,"column":10}}]}},"code":["'use strict';","","var inspect = require('util').inspect;","var parse = require('url').parse;","var common = require('./common');","var intercept = require('./intercept');","var debug = require('debug')('nock.recorder');","var _ = require('lodash');","var Stream = require('stream');","var URL = require('url');","","var SEPARATOR = '\\n<<<<<<-- cut here -->>>>>>\\n';","var recordingInProgress = false;","var outputs = [];","","function getScope(options) {","","  common.normalizeRequestOptions(options);","","  var scope = [];","  if (options._https_) {","    scope.push('https://');","  } else {","    scope.push('http://');","  }","","  scope.push(options.host);","","  //  If a non-standard port wasn't specified in options.host, include it from options.port.","  if(options.host.indexOf(':') === -1 &&","     options.port &&","     ((options._https_ && options.port.toString() !== '443') ||","       (!options._https_ && options.port.toString() !== '80'))) {","    scope.push(':');","    scope.push(options.port);","  }","","  return scope.join('');","","}","","function getMethod(options) {","","  return (options.method || 'GET');","","}","","var getBodyFromChunks = function(chunks, headers) {","","  //  If we have headers and there is content-encoding it means that","  //  the body shouldn't be merged but instead persisted as an array","  //  of hex strings so that the responses can be mocked one by one.","  if(common.isContentEncoded(headers)) {","    return _.map(chunks, function(chunk) {","      if(!Buffer.isBuffer(chunk)) {","        if (typeof chunk === 'string') {","          chunk = new Buffer(chunk);","        } else {","          throw new Error('content-encoded responses must all be binary buffers');","        }","      }","","      return chunk.toString('hex');","    });","  }","","  var mergedBuffer = common.mergeChunks(chunks);","","  //  The merged buffer can be one of three things:","  //    1.  A binary buffer which then has to be recorded as a hex string.","  //    2.  A string buffer which represents a JSON object.","  //    3.  A string buffer which doesn't represent a JSON object.","","  if(common.isBinaryBuffer(mergedBuffer)) {","    return mergedBuffer.toString('hex');","  } else {","    var maybeStringifiedJson = mergedBuffer.toString('utf8');","    try {","      return JSON.parse(maybeStringifiedJson);","    } catch(err) {","      return maybeStringifiedJson;","    }","  }","","};","","function generateRequestAndResponseObject(req, bodyChunks, options, res, dataChunks) {","","  options.path = req.path;","  return {","    scope:    getScope(options),","    method:   getMethod(options),","    path:     options.path,","    body:     getBodyFromChunks(bodyChunks),","    status:   res.statusCode,","    response: getBodyFromChunks(dataChunks, res.headers),","    rawHeaders: res.rawHeaders || res.headers,","    reqheaders: req._headers","  };","","}","","function generateRequestAndResponse(req, bodyChunks, options, res, dataChunks) {","","  var requestBody = getBodyFromChunks(bodyChunks);","  var responseBody = getBodyFromChunks(dataChunks, res.headers);","","  // Remove any query params from options.path so they can be added in the query() function","  var path = options.path;","  var queryIndex = 0;","  var queryObj = {};","  if ((queryIndex = req.path.indexOf('?')) !== -1) {","    path = path.substring(0, queryIndex);","","    // Create the query() object","    var queries = req.path.slice(queryIndex + 1).split('&');","","    for (var i = 0; i < queries.length; i++) {","      var query = queries[i].split('=');","      queryObj[query[0]] = query[1];","    }","  }","","  var ret = [];","  ret.push('\\nnock(\\'');","  ret.push(getScope(options));","  ret.push('\\', ');","  ret.push(JSON.stringify({ encodedQueryParams: true }));","  ret.push(')\\n');","  ret.push('  .');","  ret.push(getMethod(options).toLowerCase());","  ret.push('(\\'');","  ret.push(path);","  ret.push(\"'\");","  if (requestBody) {","    ret.push(', ');","    ret.push(JSON.stringify(requestBody));","  }","  ret.push(\")\\n\");","  if (req.headers) {","    for (var k in req.headers) {","      ret.push('  .matchHeader(' + JSON.stringify(k) + ', ' + JSON.stringify(req.headers[k]) + ')\\n');","    }","  }","","  if (queryIndex !== -1) {","    ret.push('  .query(');","    ret.push(JSON.stringify(queryObj));","    ret.push(')\\n');","  }","","  ret.push('  .reply(');","  ret.push(res.statusCode.toString());","  ret.push(', ');","  ret.push(JSON.stringify(responseBody));","  if (res.rawHeaders) {","    ret.push(', ');","    ret.push(inspect(res.rawHeaders));","  } else if (res.headers) {","    ret.push(', ');","    ret.push(inspect(res.headers));","  }","  ret.push(');\\n');","","  return ret.join('');","}","","//  This module variable is used to identify a unique recording ID in order to skip","//  spurious requests that sometimes happen. This problem has been, so far,","//  exclusively detected in nock's unit testing where 'checks if callback is specified'","//  interferes with other tests as its t.end() is invoked without waiting for request","//  to finish (which is the point of the test).","var currentRecordingId = 0;","","function record(rec_options) {","","  //  Set the new current recording ID and capture its value in this instance of record().","  currentRecordingId = currentRecordingId + 1;","  var thisRecordingId = currentRecordingId;","","  debug('start recording', thisRecordingId, JSON.stringify(rec_options));","","  //  Trying to start recording with recording already in progress implies an error","  //  in the recording configuration (double recording makes no sense and used to lead","  //  to duplicates in output)","  if(recordingInProgress) {","    throw new Error('Nock recording already in progress');","  }","","  recordingInProgress = true;","","  //  Originaly the parameters was a dont_print boolean flag.","  //  To keep the existing code compatible we take that case into account.","  var optionsIsObject = typeof rec_options === 'object';","  var dont_print = (typeof rec_options === 'boolean' && rec_options) ||","      (optionsIsObject && rec_options.dont_print);","  var output_objects = optionsIsObject && rec_options.output_objects;","  var enable_reqheaders_recording = optionsIsObject && rec_options.enable_reqheaders_recording;","  var logging = (optionsIsObject && rec_options.logging) || console.log;","  var use_separator = true;","  if (optionsIsObject && _.has(rec_options, 'use_separator')) {","    use_separator = rec_options.use_separator;","  }","","  debug(thisRecordingId, 'restoring overridden requests before new overrides');","  //  To preserve backward compatibility (starting recording wasn't throwing if nock was already active)","  //  we restore any requests that may have been overridden by other parts of nock (e.g. intercept)","  //  NOTE: This is hacky as hell but it keeps the backward compatibility *and* allows correct","  //    behavior in the face of other modules also overriding ClientRequest.","  common.restoreOverriddenRequests();","  //  We restore ClientRequest as it messes with recording of modules that also override ClientRequest (e.g. xhr2)","  intercept.restoreOverriddenClientRequest();","","  //  We override the requests so that we can save information on them before executing.","  common.overrideRequests(function(proto, overriddenRequest, options, callback) {","","    var bodyChunks = [];","","    if (typeof options == 'string') {","      var url = URL.parse(options);","      options = {","        hostname: url.hostname,","        method: 'GET',","        port: url.port,","        path: url.path","      };","    }","","    // Node 0.11 https.request calls http.request -- don't want to record things","    // twice.","    if (options._recording) {","   
[...]
":0,"79":0,"80":1,"81":0,"82":0,"83":0,"84":0,"85":0,"86":1,"87":0,"88":0,"89":0,"90":1,"91":0,"92":0,"93":1,"94":1,"95":1,"96":0,"97":1,"98":1,"99":1,"100":1,"101":1,"102":1,"103":1,"104":1},"b":{"1":[0,0],"2":[0,0],"3":[0,0],"4":[0,0],"5":[0,0],"6":[0,0],"7":[0,0],"8":[0,0],"9":[0,0],"10":[0,0],"11":[0,0],"12":[0,0],"13":[0,1],"14":[1,1]},"f":{"1":0,"2":0,"3":0,"4":0,"5":0,"6":1,"7":0,"8":0,"9":0,"10":0,"11":0,"12":0,"13":0,"14":0,"15":0,"16":0,"17":0,"18":0,"19":0,"20":0,"21":1},"fnMap":{"1":{"name":"Back","line":48,"loc":{"start":{"line":48,"column":0},"end":{"line":48,"column":47}}},"2":{"name":"(anonymous_2)","line":66,"loc":{"start":{"line":66,"column":17},"end":{"line":66,"column":29}}},"3":{"name":"(anonymous_3)","line":86,"loc":{"start":{"line":86,"column":9},"end":{"line":86,"column":21}}},"4":{"name":"(anonymous_4)","line":94,"loc":{"start":{"line":94,"column":9},"end":{"line":94,"column":21}}},"5":{"name":"(anonymous_5)","line":99,"loc":{"start":{"line":99,"column":10},"end":{"line":99,"column":22}}},"6":{"name":"(anonymous_6)","line":112,"loc":{"start":{"line":112,"column":9},"end":{"line":112,"column":21}}},"7":{"name":"(anonymous_7)","line":121,"loc":{"start":{"line":121,"column":9},"end":{"line":121,"column":37}}},"8":{"name":"(anonymous_8)","line":129,"loc":{"start":{"line":129,"column":10},"end":{"line":129,"column":22}}},"9":{"name":"(anonymous_9)","line":142,"loc":{"start":{"line":142,"column":9},"end":{"line":142,"column":21}}},"10":{"name":"(anonymous_10)","line":151,"loc":{"start":{"line":151,"column":9},"end":{"line":151,"column":37}}},"11":{"name":"(anonymous_11)","line":170,"loc":{"start":{"line":170,"column":10},"end":{"line":170,"column":47}}},"12":{"name":"(anonymous_12)","line":195,"loc":{"start":{"line":195,"column":9},"end":{"line":195,"column":21}}},"13":{"name":"(anonymous_13)","line":204,"loc":{"start":{"line":204,"column":9},"end":{"line":204,"column":37}}},"14":{"name":"(anonymous_14)","line":209,"loc":{"start":{"line":209,"column":10},"end":{"line":209,"column":22}}},"15":{"name":"load","line":219,"loc":{"start":{"line":219,"column":0},"end":{"line":219,"column":33}}},"16":{"name":"(anonymous_16)","line":222,"loc":{"start":{"line":222,"column":26},"end":{"line":222,"column":38}}},"17":{"name":"applyHook","line":245,"loc":{"start":{"line":245,"column":0},"end":{"line":245,"column":31}}},"18":{"name":"fixtureExists","line":260,"loc":{"start":{"line":260,"column":0},"end":{"line":260,"column":32}}},"19":{"name":"assertScopes","line":271,"loc":{"start":{"line":271,"column":0},"end":{"line":271,"column":40}}},"20":{"name":"(anonymous_20)","line":272,"loc":{"start":{"line":272,"column":17},"end":{"line":272,"column":34}}},"21":{"name":"(anonymous_21)","line":300,"loc":{"start":{"line":300,"column":15},"end":{"line":300,"column":30}}}},"statementMap":{"1":{"start":{"line":3,"column":0},"end":{"line":3,"column":26}},"2":{"start":{"line":4,"column":0},"end":{"line":4,"column":30}},"3":{"start":{"line":5,"column":0},"end":{"line":5,"column":37}},"4":{"start":{"line":7,"column":0},"end":{"line":7,"column":36}},"5":{"start":{"line":8,"column":0},"end":{"line":8,"column":27}},"6":{"start":{"line":9,"column":0},"end":{"line":9,"column":36}},"7":{"start":{"line":10,"column":0},"end":{"line":10,"column":42}},"8":{"start":{"line":12,"column":0},"end":{"line":12,"column":17}},"9":{"start":{"line":14,"column":0},"end":{"line":14,"column":7}},"10":{"start":{"line":16,"column":0},"end":{"line":20,"column":1}},"11":{"start":{"line":17,"column":2},"end":{"line":17,"column":21}},"12":{"start":{"line":22,"column":0},"end":{"line":22,"column":11}},"13":{"start":{"line":23,"column":0},"end":{"line":27,"column":1}},"14":{"start":{"line":24,"column":2},"end":{"line":24,"column":29}},"15":{"start":{"line":48,"column":0},"end":{"line":73,"column":1}},"16":{"start":{"line":49,"column":2},"end":{"line":53,"column":3}},"17":{"start":{"line":50,"column":4},"end":{"line":52,"column":79}},"18":{"start":{"line":55,"column":2},"end":{"line":58,"column":3}},"19":{"start":{"line":56,"column":4},"end":{"line":56,"column":23}},"20":{"start":{"line":57,"column":4},"end":{"line":57,"column":17}},"21":{"start":{"line":60,"column":2},"end":{"line":60,"column":16}},"22":{"start":{"line":62,"column":2},"end":{"line":63,"column":46}},"23":{"start":{"line":66,"column":2},"end":{"line":68,"column":4}},"24":{"start":{"line":67,"column":4},"end":{"line":67,"column":44}},"25":{"start":{"line":70,"column":2},"end":{"line":70,"column":29}},"26":{"start":{"line":72,"column":2},"end":{"line":72,"column":35}},"27":{"start":{"line":83,"column":0},"end":{"line":104,"column":2}},"28":{"start":{"line":87,"column":4},"end":{"line":87,"column":20}},"29":{"start":{"line":88,"column":4},"end":{"line":88,"column":23}},"30":{"start":{"line":89,"column":4},"end":{"line":89,"column":20}},"31":{"start":{"line":90,"column":4},"end":{"line":90,"column":28}},"32":{"start":{"line":95,"column":4},"end":{"line":95,"column":18}},"33":{"start":{"line":109,"column":0},"end":{"line":134,"column":2}},"34":{"start":{"line":113,"column":4},"end":{"line":113,"column":23}},"35":{"start":{"line":114,"column":4},"end":{"line":114,"column":20}},"36":{"start":{"line":115,"column":4},"end":{"line":115,"column":20}},"37":{"start":{"line":117,"column":4},"end":{"line":117,"column":28}},"38":{"start":{"line":122,"column":4},"end":{"line":122,"column":42}},"39":{"start":{"line":124,"column":4},"end":{"line":124,"column":28}},"40":{"start":{"line":125,"column":4},"end":{"line":125,"column":20}},"41":{"start":{"line":139,"column":0},"end":{"line":187,"column":2}},"42":{"start":{"line":143,"column":4},"end":{"line":143,"column":23}},"43":{"start":{"line":144,"column":4},"end":{"line":144,"column":21}},"44":{"start":{"line":145,"column":4},"end":{"line":145,"column":20}},"45":{"start":{"line":146,"column":4},"end":{"line":146,"column":20}},"46":{"start":{"line":147,"column":4},"end":{"line":147,"column":29}},"47":{"start":{"line":152,"column":4},"end":{"line":154,"column":5}},"48":{"start":{"line":153,"column":6},"end":{"line":153,"column":31}},"49":{"start":{"line":155,"column":4},"end":{"line":155,"column":41}},"50":{"start":{"line":157,"column":4},"end":{"line":164,"column":5}},"51":{"start":{"line":158,"column":6},"end":{"line":161,"column":39}},"52":{"start":{"line":163,"column":6},"end":{"line":163,"column":33}},"53":{"start":{"line":166,"column":4},"end":{"line":166,"column":19}},"54":{"start":{"line":171,"column":4},"end":{"line":183,"column":5}},"55":{"start":{"line":172,"column":6},"end":{"line":172,"column":39}},"56":{"start":{"line":174,"column":6},"end":{"line":176,"column":7}},"57":{"start":{"line":175,"column":8},"end":{"line":175,"column":47}},"58":{"start":{"line":178,"column":6},"end":{"line":178,"column":49}},"59":{"start":{"line":179,"column":6},"end":{"line":179,"column":42}},"60":{"start":{"line":181,"column":6},"end":{"line":181,"column":41}},"61":{"start":{"line":182,"column":6},"end":{"line":182,"column":41}},"62":{"start":{"line":192,"column":0},"end":{"line":214,"column":2}},"63":{"start":{"line":196,"column":4},"end":{"line":196,"column":23}},"64":{"start":{"line":197,"column":4},"end":{"line":197,"column":21}},"65":{"start":{"line":198,"column":4},"end":{"line":198,"column":20}},"66":{"start":{"line":199,"column":4},"end":{"line":199,"column":20}},"67":{"start":{"line":200,"column":4},"end":{"line":200,"column":29}},"68":{"start":{"line":205,"column":4},"end":{"line":205,"column":34}},"69":{"start":{"line":219,"column":0},"end":{"line":240,"column":1}},"70":{"start":{"line":220,"column":2},"end":{"line":225,"column":4}},"71":{"start":{"line":223,"column":6},"end":{"line":223,"column":41}},"72":{"start":{"line":227,"column":2},"end":{"line":236,"column":3}},"73":{"start":{"line":228,"column":4},"end":{"line":228,"column":40}},"74":{"start":{"line":229,"column":4},"end":{"line":229,"column":38}},"75":{"start":{"line":231,"column":4},"end":{"line":231,"column":33}},"76":{"start":{"line":232,"column":4},"end":{"line":232,"column":37}},"77":{"start":{"line":234,"column":4},"end":{"line":234,"column":28}},"78":{"start":{"line":235,"column":4},"end":{"line":235,"column":28}},"79":{"start":{"line":239,"column":2},"end":{"line":239,"column":17}},"80":{"start":{"line":245,"column":0},"end":{"line":255,"column":1}},"81":{"start":{"line":246,"column":2},"end":{"line":248,"column":3}},"82":{"start":{"line":247,"column":4},"end":{"line":247,"column":11}},"83":{"start":{"line":250,"column":2},"end":{"line":252,"column":3}},"84":{"start":{"line":251,"column":4},"end":{"line":251,"column":60}},"85":{"start":{"line":254,"column":2},"end":{"line":254,"column":21}},"86":{"start":{"line":260,"column":0},"end":{"line":266,"column":1}},"87":{"start":{"line":261,"column":2},"end":{"line":263,"column":3}},"88":{"start":{"line":262,"column":4},"end":{"line":262,"column":29}},"89":{"start":{"line":265,"column":2},"end":{"line":265,"column":32}},"90":{"start":{"line":271,"column":0},"end":{"line":279,"column":1}},"91":{"start":{"line":272,"column":2},"end":{"line":278,"column":5}},"92":{"start":{"line":273,"column":4},"end":{"line":277,"column":6}},"93":{"start":{"line":284,"column":0},"end":{"line":294,"column":2}},"94":{"start":{"line":300,"column":0},"end":{"line":310,"column":2}},"95":{"start":{"line":301,"column":2},"end":{"line":303,"column":3}},"96":{"start":{"line":302,"column":4},"end":{"line":302,"column":41}},"97":{"start":{"line":305,"column":2},"end":{"line":305,"column":26}},"98":{"start":{"line":306,"column":2},"end":{"line":306,"column":49}},"99":{"start":{"line":308,"column":2},"end":{"line":308,"column":22}},"100":{"start":{"line":309,"column":2},"end":{"line":309,"column":16}},"101":{"start":{"line":315,"column":0},"end":{"line":315,"column":21}},"102":{"start":{"line":316,"column":0},"end":{"line":316,"column":24}},"103":{"start":{"line":317,"column":0},"end":{"line":317,"column":53}},"104":{"start":{"line":319,"column":0},"end":{"line":319,"column":32}}},"branchMap":{"1":{"line":49,"type":"if","locations":[{"start":{"line":49,"column":2},"end":{"line":49,"column":2}},{"start":{"line":49,"column":2},"end":{"line":49,"column":2}}]},"2":{"line":55,"type":"if","locations":[{"start":{"line":55,"column":2},"end":{"line":55,"column":2}},{"start":{"line":55,"column":2},"end":{"line":55,"column":2}}]},"3":{"line":152,"type":"if","locations":[{"start":{"line":152,"column":4},"end":{"line":152,"column":4}},{"start":{"line":152,"column":4},"end":{"line":152,"column":4}}]},"4":{"line":157,"type":"if","locations":[{"start":{"line":157,"column":4},"end":{"line":157,"column":4}},{"start":{"line":157,"column":4},"end":{"line":157,"column":4}}]},"5":{"line":161,"type":"binary-expr","locations":[{"start":{"line":161,"column":9},"end":{"line":161,"column":16}},{"start":{"line":161,"column":20},"end":{"line":161,"column":36}}]},"6":{"line":171,"type":"if","locations":[{"start":{"line":171,"column":4},"end":{"line":171,"column":4}},{"start":{"line":171,"column":4},"end":{"line":171,"column":4}}]},"7":{"line":174,"type":"if","locations":[{"start":{"line":174,"column":6},"end":{"line":174,"column":6}},{"start":{"line":174,"column":6},"end":{"line":174,"column":6}}]},"8":{"line":227,"type":"if","locations":[{"start":{"line":227,"column":2},"end":{"line":227,"column":2}},{"start":{"line":227,"column":2},"end":{"line":227,"column":2}}]},"9":{"line":227,"type":"binary-expr","locations":[{"start":{"line":227,"column":6},"end":{"line":227,"column":13}},{"start":{"line":227,"column":17},"end":{"line":227,"column":39}}]},"10":{"line":246,"type":"if","locations":[{"start":{"line":246,"column":2},"end":{"line":246,"column":2}},{"start":{"line":246,"column":2},"end":{"line":246,"column":2}}]},"11":{"line":250,"type":"if","locations":[{"start":{"line":250,"column":2},"end":{"line":250,"column":2}},{"start":{"line":250,"column":2},"end":{"line":250,"column":2}}]},"12":{"line":261,"type":"if","locations":[{"start":{"line":261,"column":2},"end":{"line":261,"column":2}},{"start":{"line":261,"column":2},"end":{"line":261,"column":2}}]},"13":{"line":301,"type":"if","locations":[{"start":{"line":301,"column":2},"end":{"line":301,"column":2}},{"start":{"line":301,"column":2},"end":{"line":301,"column":2}}]},"14":{"line":317,"type":"binary-expr","locations":[{"start":{"line":317,"column":13},"end":{"line":317,"column":39}},{"start":{"line":317,"column":43},"end":{"line":317,"column":51}}]}},"code":["'use strict';","","var _ = require('lodash');","var nock = require('./scope');","var recorder = require('./recorder');","","var format = require('util').format;","var path = require('path');","var expect = require('chai').expect;","var debug = require('debug')('nock.back');","","var _mode = null;","","var fs;","","try {","  fs = require('fs');","} catch(err) {","  // do nothing, probably in browser","}","","var mkdirp;","try {","  mkdirp = require('mkdirp');","} catch(err) {","  // do nothing, probably in browser","}","","","/**"," * nock the current function with the fixture given"," *"," * @param {string}   fixtureName  - the name of the fixture, e.x. 'foo.json'"," * @param {object}   options      - [optional], extra options for nock with, e.x. { assert: true }"," * @param {function} nockedFn     - the callback function to be executed with the given fixture being loaded,"," *                                  the function will be called with { scopes: loaded_nocks || [] } set as this"," *"," *"," * List of options:"," *"," * @param {function} before       - a preprocessing function, gets called before nock.define"," * @param {function} after        - a postprocessing function, gets called after nock.define"," * @param {function} afterRecord  - a postprocessing function, gets called after recording. Is passed the array"," *                                  of scopes recorded and should return the array scopes to save to the fixture"," * @param {function} recorder     - custom options to pass to the recorder"," *"," */","function Back (fixtureName, options, nockedFn) {","  if(!Back.fixtures) {","    throw new Error(  'Back requires nock.back.fixtures to be set\\n' +","                      'Ex:\\n' +","                      '\\trequire(nock).back.fixtures = \\'/path/to/fixures/\\'');","  }","","  if( arguments.length === 2 ) {","    nockedFn = options;","    options = {};","  }","","  _mode.setup();","","  var fixture = path.join(Back.fixtures, fixtureName)","    , context = _mode.start(fixture, options);","","","  var nockDone = function () {","    _mode.finish(fixture, options, context);","  };","","  debug('context:', context);","","  nockedFn.call(context, nockDone);","}","","","","","/*******************************************************************************","*                                    Modes                                     *","*******************************************************************************/","","","var wild = {","","","  setup: function () {","    nock.cleanAll();","    recorder.restore();","    nock.activate();","    nock.enableNetConnect();","  },","","","  start: function () {","    return load(); //don't load anything but get correct context","  },","","","  finish: function () {","    //nothing to do","  }","","","};","","","","","var dryrun = {","","","  setup: function () {","    recorder.restore();","    nock.cleanAll();","    nock.activate();","    //  We have to explicitly enable net connectivity as by default it's off.","    nock.enableNetConnect();","  },","","","  start: function (fixture, options) {","    var contexts = load(fixture, options);","","    nock.enableNetConnect();","    return contexts;","  },","","","  finish: function () {","    //nothing to do","  }","","","};","","","","","var record = {","","","  setup: function () {","    recorder.restore();","    recorder.clear();","    nock.cleanAll();","    nock.activate();","    nock.disableNetConnect();","  },","","","  start: function (fixture, options) {","    if (! fs) {","      throw new Error('no fs');","    }","    var context = load(fixture, options);","","    if( !context.isLoaded ) {","      recorder.record(_.assign({","        dont_print: true,","        output_objects: true","      }, options && options.recorder));","","      context.isRecording = true;","    }","","    return context;","  },","","","  finish: function (fixture, options, context) {","    if( context.isRecording ) {","      var outputs = recorder.outputs();","","      if( typeof options.afterRecord === 'function' ) {","        outputs = options.afterRecord(outputs);","      }","","      outputs = JSON.stringify(outputs, null, 4);","      debug('recorder outputs:', outputs);","","      mkdirp.sync(path.dirname(fixture));","      fs.writeFileSync(fixture, outputs);","    }","  }","","","};","","","","","var lockdown = {","","","  setup: function () {","    recorder.restore();","    recorder.clear();","    nock.cleanAll();","    nock.activate();","    nock.disableNetConnect();","  },","","","  start: function (fixture, options) {","    return load(fixture, options);","  },","","","  finish: function () {","    //nothing to do","  }","","","};","","","","","function load (fixture, options) {","  var context = {","    scopes : [],","    assertScopesFinished: function () {","      assertScopes(this.scopes, fixture);","    }","  };","","  if( fixture && fixtureExists(fixture) ) {","    var scopes = nock.loadDefs(fixture);","    applyHook(scopes, options.before);","","    scopes = nock.define(scopes);","    applyHook(scopes, options.after);","","    context.scopes = scopes;","    context.isLoaded = true;","  }","","","  return context;","}","","","","","function applyHook(scopes, fn) {","  if( !fn ) {","    return;","  }","","  if( typeof fn !== 'function' ) {","    throw new Error ('processing hooks must be a function');","  }","","  scopes.forEach(fn);","}","","","","","function fixtureExists(fixture) {","  if (! fs) {","    throw new Error('no fs');","  }","","  return fs.existsSync(fixture);","}","","","","","function assertScopes (scopes, fixture) {","  scopes.forEach(function (scope) {","    expect( scope.isDone() )","    .to.be.equal(","      true,","      format('%j was not used, consider removing %s to rerecord fixture', scope.pendingMocks(), fixture)","    );","  });","}","","","","","var Modes = {","","  wild: wild, //all requests go out to the internet, dont replay anything, doesnt record anything","","  dryrun: dryrun, //use recorded nocks, allow http calls, doesnt record anything, useful for writing new tests (default)","","  record: record, //use recorded nocks, record new nocks","","  lockdown: lockdown, //use recorded nocks, disables all http calls even when not nocked, doesnt record","","};","","","","","","Back.setMode = function(mode) {","  if( !Modes.hasOwnProperty(mode) ) {","    throw new Error ('some usage error');","  }","","  Back.currentMode = mode;","  debug('New nock back mode:', Back.currentMode);","","  _mode = Modes[mode];","  _mode.setup();","};","","","","","Back.fixtures = null;","Back.currentMode = null;","Back.setMode(process.env.NOCK_BACK_MODE || 'dryrun');","","module.exports = exports = Back;",""],"l":{"3":1,"4":1,"5":1,"7":1,"8":1,"9":1,"10":1,"12":1,"14":1,"16":1,"17":1,"22":1,"23":1,"24":1,"48":1,"49":0,"50":0,"55":0,"56":0,"57":0,"60":0,"62":0,"66":0,"67":0,"70":0,"72":0,"83":1,"87":0,"88":0,"89":0,"90":0,"95":0,"109":1,"113":1,"114":1,"115":1,"117":1,"122":0,"124":0,"125":0,"139":1,"143":0,"144":0,"145":0,"146":0,"147":0,"152":0,"153":0,"155":0,"157":0,"158":0,"163":0,"166":0,"171":0,"172":0,"174":0,"175":0,"178":0,"179":0,"181":0,"182":0,"192":1,"196":0,"197":0,"198":0,"199":0,"200":0,"205":0,"219":1,"220":0,"223":0,"227":0,"228":0,"229":0,"231":0,"232":0,"234":0,"235":0,"239":0,"245":1,"246":0,"247":0,"250":0,"251":0,"254":0,"260":1,"261":0,"262":0,"265":0,"271":1,"272":0,"273":0,"284":1,"300":1,"301":1,"302":0,"305":1,"306":1,"308":1,"309":1,"315":1,"316":1,"317":1,"319":1}}}